2018/07/29 21:20:06 [error] [exception.CHttpException.404] CHttpException: Unable to resolve the request "site". in E:\yii-1.1.20.6ed384\framework\web\CWebApplication.php:286
Stack trace:
#0 E:\yii-1.1.20.6ed384\framework\web\CWebApplication.php(141): CWebApplication->runController('')
#1 E:\yii-1.1.20.6ed384\framework\base\CApplication.php(185): CWebApplication->processRequest()
#2 C:\xampp\htdocs\PhpProject1\index.php(13): CApplication->run()
#3 {main}
REQUEST_URI=/PhpProject1/index.php
---
2018/07/29 21:20:43 [error] [exception.CException] CException: Alias "ext.yiitwitteroauth.YiiTwitter" is invalid. Make sure it points to an existing PHP file and the file is readable. in E:\yii-1.1.20.6ed384\framework\YiiBase.php:330
Stack trace:
#0 E:\yii-1.1.20.6ed384\framework\YiiBase.php(204): YiiBase::import('ext.yiitwittero...', true)
#1 E:\yii-1.1.20.6ed384\framework\base\CModule.php(393): YiiBase::createComponent(Array)
#2 E:\yii-1.1.20.6ed384\framework\base\CModule.php(103): CModule->getComponent('twitter')
#3 C:\xampp\htdocs\PhpProject1\protected\controllers\SiteController.php(28): CModule->__get('twitter')
#4 E:\yii-1.1.20.6ed384\framework\web\actions\CInlineAction.php(49): SiteController->actionIndex()
#5 E:\yii-1.1.20.6ed384\framework\web\CController.php(308): CInlineAction->runWithParams(Array)
#6 E:\yii-1.1.20.6ed384\framework\web\CController.php(286): CController->runAction(Object(CInlineAction))
#7 E:\yii-1.1.20.6ed384\framework\web\CController.php(265): CController->runActionWithFilters(Object(CInlineAction), Array)
#8 E:\yii-1.1.20.6ed384\framework\web\CWebApplication.php(282): CController->run('')
#9 E:\yii-1.1.20.6ed384\framework\web\CWebApplication.php(141): CWebApplication->runController('')
#10 E:\yii-1.1.20.6ed384\framework\base\CApplication.php(185): CWebApplication->processRequest()
#11 C:\xampp\htdocs\PhpProject1\index.php(13): CApplication->run()
#12 {main}
REQUEST_URI=/PhpProject1/index.php
---
2018/07/29 21:20:45 [error] [exception.CException] CException: Alias "ext.yiitwitteroauth.YiiTwitter" is invalid. Make sure it points to an existing PHP file and the file is readable. in E:\yii-1.1.20.6ed384\framework\YiiBase.php:330
Stack trace:
#0 E:\yii-1.1.20.6ed384\framework\YiiBase.php(204): YiiBase::import('ext.yiitwittero...', true)
#1 E:\yii-1.1.20.6ed384\framework\base\CModule.php(393): YiiBase::createComponent(Array)
#2 E:\yii-1.1.20.6ed384\framework\base\CModule.php(103): CModule->getComponent('twitter')
#3 C:\xampp\htdocs\PhpProject1\protected\controllers\SiteController.php(28): CModule->__get('twitter')
#4 E:\yii-1.1.20.6ed384\framework\web\actions\CInlineAction.php(49): SiteController->actionIndex()
#5 E:\yii-1.1.20.6ed384\framework\web\CController.php(308): CInlineAction->runWithParams(Array)
#6 E:\yii-1.1.20.6ed384\framework\web\CController.php(286): CController->runAction(Object(CInlineAction))
#7 E:\yii-1.1.20.6ed384\framework\web\CController.php(265): CController->runActionWithFilters(Object(CInlineAction), Array)
#8 E:\yii-1.1.20.6ed384\framework\web\CWebApplication.php(282): CController->run('')
#9 E:\yii-1.1.20.6ed384\framework\web\CWebApplication.php(141): CWebApplication->runController('')
#10 E:\yii-1.1.20.6ed384\framework\base\CApplication.php(185): CWebApplication->processRequest()
#11 C:\xampp\htdocs\PhpProject1\index.php(13): CApplication->run()
#12 {main}
REQUEST_URI=/PhpProject1/index.php
---
2018/07/29 21:20:49 [error] [exception.CException] CException: Alias "ext.yiitwitteroauth.YiiTwitter" is invalid. Make sure it points to an existing PHP file and the file is readable. in E:\yii-1.1.20.6ed384\framework\YiiBase.php:330
Stack trace:
#0 E:\yii-1.1.20.6ed384\framework\YiiBase.php(204): YiiBase::import('ext.yiitwittero...', true)
#1 E:\yii-1.1.20.6ed384\framework\base\CModule.php(393): YiiBase::createComponent(Array)
#2 E:\yii-1.1.20.6ed384\framework\base\CModule.php(103): CModule->getComponent('twitter')
#3 C:\xampp\htdocs\PhpProject1\protected\controllers\SiteController.php(28): CModule->__get('twitter')
#4 E:\yii-1.1.20.6ed384\framework\web\actions\CInlineAction.php(49): SiteController->actionIndex()
#5 E:\yii-1.1.20.6ed384\framework\web\CController.php(308): CInlineAction->runWithParams(Array)
#6 E:\yii-1.1.20.6ed384\framework\web\CController.php(286): CController->runAction(Object(CInlineAction))
#7 E:\yii-1.1.20.6ed384\framework\web\CController.php(265): CController->runActionWithFilters(Object(CInlineAction), Array)
#8 E:\yii-1.1.20.6ed384\framework\web\CWebApplication.php(282): CController->run('')
#9 E:\yii-1.1.20.6ed384\framework\web\CWebApplication.php(141): CWebApplication->runController('')
#10 E:\yii-1.1.20.6ed384\framework\base\CApplication.php(185): CWebApplication->processRequest()
#11 C:\xampp\htdocs\PhpProject1\index.php(13): CApplication->run()
#12 {main}
REQUEST_URI=/PhpProject1/index.php
---
2018/07/29 21:23:19 [error] [exception.CException] CException: Alias "ext.yiitwitteroauth.YiiTwitter" is invalid. Make sure it points to an existing PHP file and the file is readable. in E:\yii-1.1.20.6ed384\framework\YiiBase.php:330
Stack trace:
#0 E:\yii-1.1.20.6ed384\framework\YiiBase.php(204): YiiBase::import('ext.yiitwittero...', true)
#1 E:\yii-1.1.20.6ed384\framework\base\CModule.php(393): YiiBase::createComponent(Array)
#2 E:\yii-1.1.20.6ed384\framework\base\CModule.php(103): CModule->getComponent('twitter')
#3 C:\xampp\htdocs\PhpProject1\protected\controllers\SiteController.php(28): CModule->__get('twitter')
#4 E:\yii-1.1.20.6ed384\framework\web\actions\CInlineAction.php(49): SiteController->actionIndex()
#5 E:\yii-1.1.20.6ed384\framework\web\CController.php(308): CInlineAction->runWithParams(Array)
#6 E:\yii-1.1.20.6ed384\framework\web\CController.php(286): CController->runAction(Object(CInlineAction))
#7 E:\yii-1.1.20.6ed384\framework\web\CController.php(265): CController->runActionWithFilters(Object(CInlineAction), Array)
#8 E:\yii-1.1.20.6ed384\framework\web\CWebApplication.php(282): CController->run('')
#9 E:\yii-1.1.20.6ed384\framework\web\CWebApplication.php(141): CWebApplication->runController('')
#10 E:\yii-1.1.20.6ed384\framework\base\CApplication.php(185): CWebApplication->processRequest()
#11 C:\xampp\htdocs\PhpProject1\index.php(13): CApplication->run()
#12 {main}
REQUEST_URI=/PhpProject1/index.php
---
2018/07/29 21:23:51 [error] [exception.CException] CException: Alias "extensions.twitteroauth.YiiTwitter" is invalid. Make sure it points to an existing directory or file. in E:\yii-1.1.20.6ed384\framework\YiiBase.php:355
Stack trace:
#0 E:\yii-1.1.20.6ed384\framework\YiiBase.php(204): YiiBase::import('extensions.twit...', true)
#1 E:\yii-1.1.20.6ed384\framework\base\CModule.php(393): YiiBase::createComponent(Array)
#2 E:\yii-1.1.20.6ed384\framework\base\CModule.php(103): CModule->getComponent('twitter')
#3 C:\xampp\htdocs\PhpProject1\protected\controllers\SiteController.php(28): CModule->__get('twitter')
#4 E:\yii-1.1.20.6ed384\framework\web\actions\CInlineAction.php(49): SiteController->actionIndex()
#5 E:\yii-1.1.20.6ed384\framework\web\CController.php(308): CInlineAction->runWithParams(Array)
#6 E:\yii-1.1.20.6ed384\framework\web\CController.php(286): CController->runAction(Object(CInlineAction))
#7 E:\yii-1.1.20.6ed384\framework\web\CController.php(265): CController->runActionWithFilters(Object(CInlineAction), Array)
#8 E:\yii-1.1.20.6ed384\framework\web\CWebApplication.php(282): CController->run('')
#9 E:\yii-1.1.20.6ed384\framework\web\CWebApplication.php(141): CWebApplication->runController('')
#10 E:\yii-1.1.20.6ed384\framework\base\CApplication.php(185): CWebApplication->processRequest()
#11 C:\xampp\htdocs\PhpProject1\index.php(13): CApplication->run()
#12 {main}
REQUEST_URI=/PhpProject1/index.php
---
2018/07/29 21:23:52 [error] [exception.CException] CException: Alias "extensions.twitteroauth.YiiTwitter" is invalid. Make sure it points to an existing directory or file. in E:\yii-1.1.20.6ed384\framework\YiiBase.php:355
Stack trace:
#0 E:\yii-1.1.20.6ed384\framework\YiiBase.php(204): YiiBase::import('extensions.twit...', true)
#1 E:\yii-1.1.20.6ed384\framework\base\CModule.php(393): YiiBase::createComponent(Array)
#2 E:\yii-1.1.20.6ed384\framework\base\CModule.php(103): CModule->getComponent('twitter')
#3 C:\xampp\htdocs\PhpProject1\protected\controllers\SiteController.php(28): CModule->__get('twitter')
#4 E:\yii-1.1.20.6ed384\framework\web\actions\CInlineAction.php(49): SiteController->actionIndex()
#5 E:\yii-1.1.20.6ed384\framework\web\CController.php(308): CInlineAction->runWithParams(Array)
#6 E:\yii-1.1.20.6ed384\framework\web\CController.php(286): CController->runAction(Object(CInlineAction))
#7 E:\yii-1.1.20.6ed384\framework\web\CController.php(265): CController->runActionWithFilters(Object(CInlineAction), Array)
#8 E:\yii-1.1.20.6ed384\framework\web\CWebApplication.php(282): CController->run('')
#9 E:\yii-1.1.20.6ed384\framework\web\CWebApplication.php(141): CWebApplication->runController('')
#10 E:\yii-1.1.20.6ed384\framework\base\CApplication.php(185): CWebApplication->processRequest()
#11 C:\xampp\htdocs\PhpProject1\index.php(13): CApplication->run()
#12 {main}
REQUEST_URI=/PhpProject1/index.php
---
2018/07/29 21:24:01 [error] [exception.CException] CException: Alias "extensions.YiiTwitter" is invalid. Make sure it points to an existing directory or file. in E:\yii-1.1.20.6ed384\framework\YiiBase.php:355
Stack trace:
#0 E:\yii-1.1.20.6ed384\framework\YiiBase.php(204): YiiBase::import('extensions.YiiT...', true)
#1 E:\yii-1.1.20.6ed384\framework\base\CModule.php(393): YiiBase::createComponent(Array)
#2 E:\yii-1.1.20.6ed384\framework\base\CModule.php(103): CModule->getComponent('twitter')
#3 C:\xampp\htdocs\PhpProject1\protected\controllers\SiteController.php(28): CModule->__get('twitter')
#4 E:\yii-1.1.20.6ed384\framework\web\actions\CInlineAction.php(49): SiteController->actionIndex()
#5 E:\yii-1.1.20.6ed384\framework\web\CController.php(308): CInlineAction->runWithParams(Array)
#6 E:\yii-1.1.20.6ed384\framework\web\CController.php(286): CController->runAction(Object(CInlineAction))
#7 E:\yii-1.1.20.6ed384\framework\web\CController.php(265): CController->runActionWithFilters(Object(CInlineAction), Array)
#8 E:\yii-1.1.20.6ed384\framework\web\CWebApplication.php(282): CController->run('')
#9 E:\yii-1.1.20.6ed384\framework\web\CWebApplication.php(141): CWebApplication->runController('')
#10 E:\yii-1.1.20.6ed384\framework\base\CApplication.php(185): CWebApplication->processRequest()
#11 C:\xampp\htdocs\PhpProject1\index.php(13): CApplication->run()
#12 {main}
REQUEST_URI=/PhpProject1/index.php
---
2018/07/29 21:24:04 [error] [exception.CException] CException: Alias "extensions.YiiTwitter" is invalid. Make sure it points to an existing directory or file. in E:\yii-1.1.20.6ed384\framework\YiiBase.php:355
Stack trace:
#0 E:\yii-1.1.20.6ed384\framework\YiiBase.php(204): YiiBase::import('extensions.YiiT...', true)
#1 E:\yii-1.1.20.6ed384\framework\base\CModule.php(393): YiiBase::createComponent(Array)
#2 E:\yii-1.1.20.6ed384\framework\base\CModule.php(103): CModule->getComponent('twitter')
#3 C:\xampp\htdocs\PhpProject1\protected\controllers\SiteController.php(28): CModule->__get('twitter')
#4 E:\yii-1.1.20.6ed384\framework\web\actions\CInlineAction.php(49): SiteController->actionIndex()
#5 E:\yii-1.1.20.6ed384\framework\web\CController.php(308): CInlineAction->runWithParams(Array)
#6 E:\yii-1.1.20.6ed384\framework\web\CController.php(286): CController->runAction(Object(CInlineAction))
#7 E:\yii-1.1.20.6ed384\framework\web\CController.php(265): CController->runActionWithFilters(Object(CInlineAction), Array)
#8 E:\yii-1.1.20.6ed384\framework\web\CWebApplication.php(282): CController->run('')
#9 E:\yii-1.1.20.6ed384\framework\web\CWebApplication.php(141): CWebApplication->runController('')
#10 E:\yii-1.1.20.6ed384\framework\base\CApplication.php(185): CWebApplication->processRequest()
#11 C:\xampp\htdocs\PhpProject1\index.php(13): CApplication->run()
#12 {main}
REQUEST_URI=/PhpProject1/index.php
---
2018/07/29 21:26:10 [error] [php] include(YiiTwitter.php): failed to open stream: No such file or directory (E:\yii-1.1.20.6ed384\framework\YiiBase.php:463)
Stack trace:
#0 unknown(0): spl_autoload_call()
#1 E:\yii-1.1.20.6ed384\framework\YiiBase.php(310): class_exists()
#2 E:\yii-1.1.20.6ed384\framework\YiiBase.php(204): import()
#3 E:\yii-1.1.20.6ed384\framework\base\CModule.php(393): createComponent()
#4 E:\yii-1.1.20.6ed384\framework\base\CModule.php(103): CWebApplication->getComponent()
#5 C:\xampp\htdocs\PhpProject1\protected\controllers\SiteController.php(28): CWebApplication->__get()
#6 E:\yii-1.1.20.6ed384\framework\web\actions\CInlineAction.php(49): SiteController->actionIndex()
#7 E:\yii-1.1.20.6ed384\framework\web\CController.php(308): CInlineAction->runWithParams()
#8 E:\yii-1.1.20.6ed384\framework\web\CController.php(286): SiteController->runAction()
#9 E:\yii-1.1.20.6ed384\framework\web\CController.php(265): SiteController->runActionWithFilters()
#10 E:\yii-1.1.20.6ed384\framework\web\CWebApplication.php(282): SiteController->run()
#11 E:\yii-1.1.20.6ed384\framework\web\CWebApplication.php(141): CWebApplication->runController()
#12 E:\yii-1.1.20.6ed384\framework\base\CApplication.php(185): CWebApplication->processRequest()
#13 C:\xampp\htdocs\PhpProject1\index.php(13): CWebApplication->run()
REQUEST_URI=/PhpProject1/index.php
in C:\xampp\htdocs\PhpProject1\protected\controllers\SiteController.php (28)
in C:\xampp\htdocs\PhpProject1\index.php (13)
2018/07/29 21:26:15 [error] [php] include(YiiTwitter.php): failed to open stream: No such file or directory (E:\yii-1.1.20.6ed384\framework\YiiBase.php:463)
Stack trace:
#0 unknown(0): spl_autoload_call()
#1 E:\yii-1.1.20.6ed384\framework\YiiBase.php(310): class_exists()
#2 E:\yii-1.1.20.6ed384\framework\YiiBase.php(204): import()
#3 E:\yii-1.1.20.6ed384\framework\base\CModule.php(393): createComponent()
#4 E:\yii-1.1.20.6ed384\framework\base\CModule.php(103): CWebApplication->getComponent()
#5 C:\xampp\htdocs\PhpProject1\protected\controllers\SiteController.php(28): CWebApplication->__get()
#6 E:\yii-1.1.20.6ed384\framework\web\actions\CInlineAction.php(49): SiteController->actionIndex()
#7 E:\yii-1.1.20.6ed384\framework\web\CController.php(308): CInlineAction->runWithParams()
#8 E:\yii-1.1.20.6ed384\framework\web\CController.php(286): SiteController->runAction()
#9 E:\yii-1.1.20.6ed384\framework\web\CController.php(265): SiteController->runActionWithFilters()
#10 E:\yii-1.1.20.6ed384\framework\web\CWebApplication.php(282): SiteController->run()
#11 E:\yii-1.1.20.6ed384\framework\web\CWebApplication.php(141): CWebApplication->runController()
#12 E:\yii-1.1.20.6ed384\framework\base\CApplication.php(185): CWebApplication->processRequest()
#13 C:\xampp\htdocs\PhpProject1\index.php(13): CWebApplication->run()
REQUEST_URI=/PhpProject1/index.php
in C:\xampp\htdocs\PhpProject1\protected\controllers\SiteController.php (28)
in C:\xampp\htdocs\PhpProject1\index.php (13)
2018/07/29 21:26:26 [error] [exception.CException] CException: Alias "extensions.YiiTwitter" is invalid. Make sure it points to an existing directory or file. in E:\yii-1.1.20.6ed384\framework\YiiBase.php:355
Stack trace:
#0 E:\yii-1.1.20.6ed384\framework\YiiBase.php(204): YiiBase::import('extensions.YiiT...', true)
#1 E:\yii-1.1.20.6ed384\framework\base\CModule.php(393): YiiBase::createComponent(Array)
#2 E:\yii-1.1.20.6ed384\framework\base\CModule.php(103): CModule->getComponent('twitter')
#3 C:\xampp\htdocs\PhpProject1\protected\controllers\SiteController.php(28): CModule->__get('twitter')
#4 E:\yii-1.1.20.6ed384\framework\web\actions\CInlineAction.php(49): SiteController->actionIndex()
#5 E:\yii-1.1.20.6ed384\framework\web\CController.php(308): CInlineAction->runWithParams(Array)
#6 E:\yii-1.1.20.6ed384\framework\web\CController.php(286): CController->runAction(Object(CInlineAction))
#7 E:\yii-1.1.20.6ed384\framework\web\CController.php(265): CController->runActionWithFilters(Object(CInlineAction), Array)
#8 E:\yii-1.1.20.6ed384\framework\web\CWebApplication.php(282): CController->run('')
#9 E:\yii-1.1.20.6ed384\framework\web\CWebApplication.php(141): CWebApplication->runController('')
#10 E:\yii-1.1.20.6ed384\framework\base\CApplication.php(185): CWebApplication->processRequest()
#11 C:\xampp\htdocs\PhpProject1\index.php(13): CApplication->run()
#12 {main}
REQUEST_URI=/PhpProject1/index.php
---
2018/07/29 21:26:32 [error] [php] include(YiiTwitter.php): failed to open stream: No such file or directory (E:\yii-1.1.20.6ed384\framework\YiiBase.php:463)
Stack trace:
#0 unknown(0): spl_autoload_call()
#1 E:\yii-1.1.20.6ed384\framework\YiiBase.php(310): class_exists()
#2 E:\yii-1.1.20.6ed384\framework\YiiBase.php(204): import()
#3 E:\yii-1.1.20.6ed384\framework\base\CModule.php(393): createComponent()
#4 E:\yii-1.1.20.6ed384\framework\base\CModule.php(103): CWebApplication->getComponent()
#5 C:\xampp\htdocs\PhpProject1\protected\controllers\SiteController.php(28): CWebApplication->__get()
#6 E:\yii-1.1.20.6ed384\framework\web\actions\CInlineAction.php(49): SiteController->actionIndex()
#7 E:\yii-1.1.20.6ed384\framework\web\CController.php(308): CInlineAction->runWithParams()
#8 E:\yii-1.1.20.6ed384\framework\web\CController.php(286): SiteController->runAction()
#9 E:\yii-1.1.20.6ed384\framework\web\CController.php(265): SiteController->runActionWithFilters()
#10 E:\yii-1.1.20.6ed384\framework\web\CWebApplication.php(282): SiteController->run()
#11 E:\yii-1.1.20.6ed384\framework\web\CWebApplication.php(141): CWebApplication->runController()
#12 E:\yii-1.1.20.6ed384\framework\base\CApplication.php(185): CWebApplication->processRequest()
#13 C:\xampp\htdocs\PhpProject1\index.php(13): CWebApplication->run()
REQUEST_URI=/PhpProject1/index.php
in C:\xampp\htdocs\PhpProject1\protected\controllers\SiteController.php (28)
in C:\xampp\htdocs\PhpProject1\index.php (13)
2018/07/29 21:27:59 [error] [exception.CException] CException: Alias "protected.extensions.tYiiTwitter" is invalid. Make sure it points to an existing directory or file. in E:\yii-1.1.20.6ed384\framework\YiiBase.php:355
Stack trace:
#0 E:\yii-1.1.20.6ed384\framework\YiiBase.php(204): YiiBase::import('protected.exten...', true)
#1 E:\yii-1.1.20.6ed384\framework\base\CModule.php(393): YiiBase::createComponent(Array)
#2 E:\yii-1.1.20.6ed384\framework\base\CModule.php(103): CModule->getComponent('twitter')
#3 C:\xampp\htdocs\PhpProject1\protected\controllers\SiteController.php(28): CModule->__get('twitter')
#4 E:\yii-1.1.20.6ed384\framework\web\actions\CInlineAction.php(49): SiteController->actionIndex()
#5 E:\yii-1.1.20.6ed384\framework\web\CController.php(308): CInlineAction->runWithParams(Array)
#6 E:\yii-1.1.20.6ed384\framework\web\CController.php(286): CController->runAction(Object(CInlineAction))
#7 E:\yii-1.1.20.6ed384\framework\web\CController.php(265): CController->runActionWithFilters(Object(CInlineAction), Array)
#8 E:\yii-1.1.20.6ed384\framework\web\CWebApplication.php(282): CController->run('')
#9 E:\yii-1.1.20.6ed384\framework\web\CWebApplication.php(141): CWebApplication->runController('')
#10 E:\yii-1.1.20.6ed384\framework\base\CApplication.php(185): CWebApplication->processRequest()
#11 C:\xampp\htdocs\PhpProject1\index.php(13): CApplication->run()
#12 {main}
REQUEST_URI=/PhpProject1/index.php
---
2018/07/29 21:28:11 [error] [exception.CException] CException: Alias "protected.extensions.YiiTwitter" is invalid. Make sure it points to an existing directory or file. in E:\yii-1.1.20.6ed384\framework\YiiBase.php:355
Stack trace:
#0 E:\yii-1.1.20.6ed384\framework\YiiBase.php(204): YiiBase::import('protected.exten...', true)
#1 E:\yii-1.1.20.6ed384\framework\base\CModule.php(393): YiiBase::createComponent(Array)
#2 E:\yii-1.1.20.6ed384\framework\base\CModule.php(103): CModule->getComponent('twitter')
#3 C:\xampp\htdocs\PhpProject1\protected\controllers\SiteController.php(28): CModule->__get('twitter')
#4 E:\yii-1.1.20.6ed384\framework\web\actions\CInlineAction.php(49): SiteController->actionIndex()
#5 E:\yii-1.1.20.6ed384\framework\web\CController.php(308): CInlineAction->runWithParams(Array)
#6 E:\yii-1.1.20.6ed384\framework\web\CController.php(286): CController->runAction(Object(CInlineAction))
#7 E:\yii-1.1.20.6ed384\framework\web\CController.php(265): CController->runActionWithFilters(Object(CInlineAction), Array)
#8 E:\yii-1.1.20.6ed384\framework\web\CWebApplication.php(282): CController->run('')
#9 E:\yii-1.1.20.6ed384\framework\web\CWebApplication.php(141): CWebApplication->runController('')
#10 E:\yii-1.1.20.6ed384\framework\base\CApplication.php(185): CWebApplication->processRequest()
#11 C:\xampp\htdocs\PhpProject1\index.php(13): CApplication->run()
#12 {main}
REQUEST_URI=/PhpProject1/index.php
---
2018/07/29 21:28:12 [error] [exception.CException] CException: Alias "protected.extensions.YiiTwitter" is invalid. Make sure it points to an existing directory or file. in E:\yii-1.1.20.6ed384\framework\YiiBase.php:355
Stack trace:
#0 E:\yii-1.1.20.6ed384\framework\YiiBase.php(204): YiiBase::import('protected.exten...', true)
#1 E:\yii-1.1.20.6ed384\framework\base\CModule.php(393): YiiBase::createComponent(Array)
#2 E:\yii-1.1.20.6ed384\framework\base\CModule.php(103): CModule->getComponent('twitter')
#3 C:\xampp\htdocs\PhpProject1\protected\controllers\SiteController.php(28): CModule->__get('twitter')
#4 E:\yii-1.1.20.6ed384\framework\web\actions\CInlineAction.php(49): SiteController->actionIndex()
#5 E:\yii-1.1.20.6ed384\framework\web\CController.php(308): CInlineAction->runWithParams(Array)
#6 E:\yii-1.1.20.6ed384\framework\web\CController.php(286): CController->runAction(Object(CInlineAction))
#7 E:\yii-1.1.20.6ed384\framework\web\CController.php(265): CController->runActionWithFilters(Object(CInlineAction), Array)
#8 E:\yii-1.1.20.6ed384\framework\web\CWebApplication.php(282): CController->run('')
#9 E:\yii-1.1.20.6ed384\framework\web\CWebApplication.php(141): CWebApplication->runController('')
#10 E:\yii-1.1.20.6ed384\framework\base\CApplication.php(185): CWebApplication->processRequest()
#11 C:\xampp\htdocs\PhpProject1\index.php(13): CApplication->run()
#12 {main}
REQUEST_URI=/PhpProject1/index.php
---
2018/07/29 21:28:15 [error] [exception.CException] CException: Alias "extensions.YiiTwitter" is invalid. Make sure it points to an existing directory or file. in E:\yii-1.1.20.6ed384\framework\YiiBase.php:355
Stack trace:
#0 E:\yii-1.1.20.6ed384\framework\YiiBase.php(204): YiiBase::import('extensions.YiiT...', true)
#1 E:\yii-1.1.20.6ed384\framework\base\CModule.php(393): YiiBase::createComponent(Array)
#2 E:\yii-1.1.20.6ed384\framework\base\CModule.php(103): CModule->getComponent('twitter')
#3 C:\xampp\htdocs\PhpProject1\protected\controllers\SiteController.php(28): CModule->__get('twitter')
#4 E:\yii-1.1.20.6ed384\framework\web\actions\CInlineAction.php(49): SiteController->actionIndex()
#5 E:\yii-1.1.20.6ed384\framework\web\CController.php(308): CInlineAction->runWithParams(Array)
#6 E:\yii-1.1.20.6ed384\framework\web\CController.php(286): CController->runAction(Object(CInlineAction))
#7 E:\yii-1.1.20.6ed384\framework\web\CController.php(265): CController->runActionWithFilters(Object(CInlineAction), Array)
#8 E:\yii-1.1.20.6ed384\framework\web\CWebApplication.php(282): CController->run('')
#9 E:\yii-1.1.20.6ed384\framework\web\CWebApplication.php(141): CWebApplication->runController('')
#10 E:\yii-1.1.20.6ed384\framework\base\CApplication.php(185): CWebApplication->processRequest()
#11 C:\xampp\htdocs\PhpProject1\index.php(13): CApplication->run()
#12 {main}
REQUEST_URI=/PhpProject1/index.php
---
2018/07/29 21:28:16 [error] [exception.CException] CException: Alias "extensions.YiiTwitter" is invalid. Make sure it points to an existing directory or file. in E:\yii-1.1.20.6ed384\framework\YiiBase.php:355
Stack trace:
#0 E:\yii-1.1.20.6ed384\framework\YiiBase.php(204): YiiBase::import('extensions.YiiT...', true)
#1 E:\yii-1.1.20.6ed384\framework\base\CModule.php(393): YiiBase::createComponent(Array)
#2 E:\yii-1.1.20.6ed384\framework\base\CModule.php(103): CModule->getComponent('twitter')
#3 C:\xampp\htdocs\PhpProject1\protected\controllers\SiteController.php(28): CModule->__get('twitter')
#4 E:\yii-1.1.20.6ed384\framework\web\actions\CInlineAction.php(49): SiteController->actionIndex()
#5 E:\yii-1.1.20.6ed384\framework\web\CController.php(308): CInlineAction->runWithParams(Array)
#6 E:\yii-1.1.20.6ed384\framework\web\CController.php(286): CController->runAction(Object(CInlineAction))
#7 E:\yii-1.1.20.6ed384\framework\web\CController.php(265): CController->runActionWithFilters(Object(CInlineAction), Array)
#8 E:\yii-1.1.20.6ed384\framework\web\CWebApplication.php(282): CController->run('')
#9 E:\yii-1.1.20.6ed384\framework\web\CWebApplication.php(141): CWebApplication->runController('')
#10 E:\yii-1.1.20.6ed384\framework\base\CApplication.php(185): CWebApplication->processRequest()
#11 C:\xampp\htdocs\PhpProject1\index.php(13): CApplication->run()
#12 {main}
REQUEST_URI=/PhpProject1/index.php
---
2018/07/29 21:28:16 [error] [exception.CException] CException: Alias "extensions.YiiTwitter" is invalid. Make sure it points to an existing directory or file. in E:\yii-1.1.20.6ed384\framework\YiiBase.php:355
Stack trace:
#0 E:\yii-1.1.20.6ed384\framework\YiiBase.php(204): YiiBase::import('extensions.YiiT...', true)
#1 E:\yii-1.1.20.6ed384\framework\base\CModule.php(393): YiiBase::createComponent(Array)
#2 E:\yii-1.1.20.6ed384\framework\base\CModule.php(103): CModule->getComponent('twitter')
#3 C:\xampp\htdocs\PhpProject1\protected\controllers\SiteController.php(28): CModule->__get('twitter')
#4 E:\yii-1.1.20.6ed384\framework\web\actions\CInlineAction.php(49): SiteController->actionIndex()
#5 E:\yii-1.1.20.6ed384\framework\web\CController.php(308): CInlineAction->runWithParams(Array)
#6 E:\yii-1.1.20.6ed384\framework\web\CController.php(286): CController->runAction(Object(CInlineAction))
#7 E:\yii-1.1.20.6ed384\framework\web\CController.php(265): CController->runActionWithFilters(Object(CInlineAction), Array)
#8 E:\yii-1.1.20.6ed384\framework\web\CWebApplication.php(282): CController->run('')
#9 E:\yii-1.1.20.6ed384\framework\web\CWebApplication.php(141): CWebApplication->runController('')
#10 E:\yii-1.1.20.6ed384\framework\base\CApplication.php(185): CWebApplication->processRequest()
#11 C:\xampp\htdocs\PhpProject1\index.php(13): CApplication->run()
#12 {main}
REQUEST_URI=/PhpProject1/index.php
---
2018/07/29 21:28:16 [error] [exception.CException] CException: Alias "extensions.YiiTwitter" is invalid. Make sure it points to an existing directory or file. in E:\yii-1.1.20.6ed384\framework\YiiBase.php:355
Stack trace:
#0 E:\yii-1.1.20.6ed384\framework\YiiBase.php(204): YiiBase::import('extensions.YiiT...', true)
#1 E:\yii-1.1.20.6ed384\framework\base\CModule.php(393): YiiBase::createComponent(Array)
#2 E:\yii-1.1.20.6ed384\framework\base\CModule.php(103): CModule->getComponent('twitter')
#3 C:\xampp\htdocs\PhpProject1\protected\controllers\SiteController.php(28): CModule->__get('twitter')
#4 E:\yii-1.1.20.6ed384\framework\web\actions\CInlineAction.php(49): SiteController->actionIndex()
#5 E:\yii-1.1.20.6ed384\framework\web\CController.php(308): CInlineAction->runWithParams(Array)
#6 E:\yii-1.1.20.6ed384\framework\web\CController.php(286): CController->runAction(Object(CInlineAction))
#7 E:\yii-1.1.20.6ed384\framework\web\CController.php(265): CController->runActionWithFilters(Object(CInlineAction), Array)
#8 E:\yii-1.1.20.6ed384\framework\web\CWebApplication.php(282): CController->run('')
#9 E:\yii-1.1.20.6ed384\framework\web\CWebApplication.php(141): CWebApplication->runController('')
#10 E:\yii-1.1.20.6ed384\framework\base\CApplication.php(185): CWebApplication->processRequest()
#11 C:\xampp\htdocs\PhpProject1\index.php(13): CApplication->run()
#12 {main}
REQUEST_URI=/PhpProject1/index.php
---
2018/07/29 21:28:21 [error] [php] include(YiiTwitter.php): failed to open stream: No such file or directory (E:\yii-1.1.20.6ed384\framework\YiiBase.php:463)
Stack trace:
#0 unknown(0): spl_autoload_call()
#1 E:\yii-1.1.20.6ed384\framework\YiiBase.php(310): class_exists()
#2 E:\yii-1.1.20.6ed384\framework\YiiBase.php(204): import()
#3 E:\yii-1.1.20.6ed384\framework\base\CModule.php(393): createComponent()
#4 E:\yii-1.1.20.6ed384\framework\base\CModule.php(103): CWebApplication->getComponent()
#5 C:\xampp\htdocs\PhpProject1\protected\controllers\SiteController.php(28): CWebApplication->__get()
#6 E:\yii-1.1.20.6ed384\framework\web\actions\CInlineAction.php(49): SiteController->actionIndex()
#7 E:\yii-1.1.20.6ed384\framework\web\CController.php(308): CInlineAction->runWithParams()
#8 E:\yii-1.1.20.6ed384\framework\web\CController.php(286): SiteController->runAction()
#9 E:\yii-1.1.20.6ed384\framework\web\CController.php(265): SiteController->runActionWithFilters()
#10 E:\yii-1.1.20.6ed384\framework\web\CWebApplication.php(282): SiteController->run()
#11 E:\yii-1.1.20.6ed384\framework\web\CWebApplication.php(141): CWebApplication->runController()
#12 E:\yii-1.1.20.6ed384\framework\base\CApplication.php(185): CWebApplication->processRequest()
#13 C:\xampp\htdocs\PhpProject1\index.php(13): CWebApplication->run()
REQUEST_URI=/PhpProject1/index.php
in C:\xampp\htdocs\PhpProject1\protected\controllers\SiteController.php (28)
in C:\xampp\htdocs\PhpProject1\index.php (13)
2018/07/29 21:29:23 [error] [php] include(YiiTwitter.php): failed to open stream: No such file or directory (E:\yii-1.1.20.6ed384\framework\YiiBase.php:463)
Stack trace:
#0 unknown(0): spl_autoload_call()
#1 E:\yii-1.1.20.6ed384\framework\YiiBase.php(310): class_exists()
#2 E:\yii-1.1.20.6ed384\framework\YiiBase.php(204): import()
#3 E:\yii-1.1.20.6ed384\framework\base\CModule.php(393): createComponent()
#4 E:\yii-1.1.20.6ed384\framework\base\CModule.php(103): CWebApplication->getComponent()
#5 C:\xampp\htdocs\PhpProject1\protected\controllers\SiteController.php(28): CWebApplication->__get()
#6 E:\yii-1.1.20.6ed384\framework\web\actions\CInlineAction.php(49): SiteController->actionIndex()
#7 E:\yii-1.1.20.6ed384\framework\web\CController.php(308): CInlineAction->runWithParams()
#8 E:\yii-1.1.20.6ed384\framework\web\CController.php(286): SiteController->runAction()
#9 E:\yii-1.1.20.6ed384\framework\web\CController.php(265): SiteController->runActionWithFilters()
#10 E:\yii-1.1.20.6ed384\framework\web\CWebApplication.php(282): SiteController->run()
#11 E:\yii-1.1.20.6ed384\framework\web\CWebApplication.php(141): CWebApplication->runController()
#12 E:\yii-1.1.20.6ed384\framework\base\CApplication.php(185): CWebApplication->processRequest()
#13 C:\xampp\htdocs\PhpProject1\index.php(13): CWebApplication->run()
REQUEST_URI=/PhpProject1/index.php
in C:\xampp\htdocs\PhpProject1\protected\controllers\SiteController.php (28)
in C:\xampp\htdocs\PhpProject1\index.php (13)
2018/07/29 21:30:29 [error] [exception.CException] CException: Alias "PhpProject1.protected.extensions.YiiTwitter" is invalid. Make sure it points to an existing directory or file. in E:\yii-1.1.20.6ed384\framework\YiiBase.php:355
Stack trace:
#0 E:\yii-1.1.20.6ed384\framework\YiiBase.php(204): YiiBase::import('PhpProject1.pro...', true)
#1 E:\yii-1.1.20.6ed384\framework\base\CModule.php(393): YiiBase::createComponent(Array)
#2 E:\yii-1.1.20.6ed384\framework\base\CModule.php(103): CModule->getComponent('twitter')
#3 C:\xampp\htdocs\PhpProject1\protected\controllers\SiteController.php(28): CModule->__get('twitter')
#4 E:\yii-1.1.20.6ed384\framework\web\actions\CInlineAction.php(49): SiteController->actionIndex()
#5 E:\yii-1.1.20.6ed384\framework\web\CController.php(308): CInlineAction->runWithParams(Array)
#6 E:\yii-1.1.20.6ed384\framework\web\CController.php(286): CController->runAction(Object(CInlineAction))
#7 E:\yii-1.1.20.6ed384\framework\web\CController.php(265): CController->runActionWithFilters(Object(CInlineAction), Array)
#8 E:\yii-1.1.20.6ed384\framework\web\CWebApplication.php(282): CController->run('')
#9 E:\yii-1.1.20.6ed384\framework\web\CWebApplication.php(141): CWebApplication->runController('')
#10 E:\yii-1.1.20.6ed384\framework\base\CApplication.php(185): CWebApplication->processRequest()
#11 C:\xampp\htdocs\PhpProject1\index.php(13): CApplication->run()
#12 {main}
REQUEST_URI=/PhpProject1/index.php
---
2018/07/29 21:31:38 [error] [exception.CException] CException: Alias "extensions.YiiTwitter" is invalid. Make sure it points to an existing directory or file. in E:\yii-1.1.20.6ed384\framework\YiiBase.php:355
Stack trace:
#0 E:\yii-1.1.20.6ed384\framework\YiiBase.php(204): YiiBase::import('extensions.YiiT...', true)
#1 E:\yii-1.1.20.6ed384\framework\base\CModule.php(393): YiiBase::createComponent(Array)
#2 E:\yii-1.1.20.6ed384\framework\base\CModule.php(103): CModule->getComponent('twitter')
#3 C:\xampp\htdocs\PhpProject1\protected\controllers\SiteController.php(28): CModule->__get('twitter')
#4 E:\yii-1.1.20.6ed384\framework\web\actions\CInlineAction.php(49): SiteController->actionIndex()
#5 E:\yii-1.1.20.6ed384\framework\web\CController.php(308): CInlineAction->runWithParams(Array)
#6 E:\yii-1.1.20.6ed384\framework\web\CController.php(286): CController->runAction(Object(CInlineAction))
#7 E:\yii-1.1.20.6ed384\framework\web\CController.php(265): CController->runActionWithFilters(Object(CInlineAction), Array)
#8 E:\yii-1.1.20.6ed384\framework\web\CWebApplication.php(282): CController->run('')
#9 E:\yii-1.1.20.6ed384\framework\web\CWebApplication.php(141): CWebApplication->runController('')
#10 E:\yii-1.1.20.6ed384\framework\base\CApplication.php(185): CWebApplication->processRequest()
#11 C:\xampp\htdocs\PhpProject1\index.php(13): CApplication->run()
#12 {main}
REQUEST_URI=/PhpProject1/index.php
---
2018/07/29 21:34:36 [error] [exception.CHttpException.404] CHttpException: Unable to resolve the request "site". in E:\yii-1.1.20.6ed384\framework\web\CWebApplication.php:286
Stack trace:
#0 E:\yii-1.1.20.6ed384\framework\web\CWebApplication.php(141): CWebApplication->runController('')
#1 E:\yii-1.1.20.6ed384\framework\base\CApplication.php(185): CWebApplication->processRequest()
#2 C:\xampp\htdocs\PhpProject1\index.php(13): CApplication->run()
#3 {main}
REQUEST_URI=/PhpProject1/index.php
---
2018/07/29 21:34:36 [error] [exception.CHttpException.404] CHttpException: Unable to resolve the request "site". in E:\yii-1.1.20.6ed384\framework\web\CWebApplication.php:286
Stack trace:
#0 E:\yii-1.1.20.6ed384\framework\web\CWebApplication.php(141): CWebApplication->runController('')
#1 E:\yii-1.1.20.6ed384\framework\base\CApplication.php(185): CWebApplication->processRequest()
#2 C:\xampp\htdocs\PhpProject1\index.php(13): CApplication->run()
#3 {main}
REQUEST_URI=/PhpProject1/index.php
---
2018/07/29 21:42:03 [error] [php] Undefined variable: consumer_key (C:\xampp\htdocs\PhpProject1\protected\views\site\index.php:32)
Stack trace:
#0 E:\yii-1.1.20.6ed384\framework\web\CController.php(872): SiteController->renderFile()
#1 E:\yii-1.1.20.6ed384\framework\web\CController.php(785): SiteController->renderPartial()
#2 C:\xampp\htdocs\PhpProject1\protected\controllers\SiteController.php(32): SiteController->render()
#3 E:\yii-1.1.20.6ed384\framework\web\actions\CInlineAction.php(49): SiteController->actionIndex()
#4 E:\yii-1.1.20.6ed384\framework\web\CController.php(308): CInlineAction->runWithParams()
#5 E:\yii-1.1.20.6ed384\framework\web\CController.php(286): SiteController->runAction()
#6 E:\yii-1.1.20.6ed384\framework\web\CController.php(265): SiteController->runActionWithFilters()
#7 E:\yii-1.1.20.6ed384\framework\web\CWebApplication.php(282): SiteController->run()
#8 E:\yii-1.1.20.6ed384\framework\web\CWebApplication.php(141): CWebApplication->runController()
#9 E:\yii-1.1.20.6ed384\framework\base\CApplication.php(185): CWebApplication->processRequest()
#10 C:\xampp\htdocs\PhpProject1\index.php(13): CWebApplication->run()
REQUEST_URI=/PhpProject1/index.php
in C:\xampp\htdocs\PhpProject1\protected\views\site\index.php (32)
in C:\xampp\htdocs\PhpProject1\protected\controllers\SiteController.php (32)
in C:\xampp\htdocs\PhpProject1\index.php (13)
2018/07/29 21:47:56 [error] [php] Object of class stdClass could not be converted to string (C:\xampp\htdocs\PhpProject1\protected\views\site\index.php:37)
Stack trace:
#0 E:\yii-1.1.20.6ed384\framework\web\CController.php(872): SiteController->renderFile()
#1 E:\yii-1.1.20.6ed384\framework\web\CController.php(785): SiteController->renderPartial()
#2 C:\xampp\htdocs\PhpProject1\protected\controllers\SiteController.php(32): SiteController->render()
#3 E:\yii-1.1.20.6ed384\framework\web\actions\CInlineAction.php(49): SiteController->actionIndex()
#4 E:\yii-1.1.20.6ed384\framework\web\CController.php(308): CInlineAction->runWithParams()
#5 E:\yii-1.1.20.6ed384\framework\web\CController.php(286): SiteController->runAction()
#6 E:\yii-1.1.20.6ed384\framework\web\CController.php(265): SiteController->runActionWithFilters()
#7 E:\yii-1.1.20.6ed384\framework\web\CWebApplication.php(282): SiteController->run()
#8 E:\yii-1.1.20.6ed384\framework\web\CWebApplication.php(141): CWebApplication->runController()
#9 E:\yii-1.1.20.6ed384\framework\base\CApplication.php(185): CWebApplication->processRequest()
#10 C:\xampp\htdocs\PhpProject1\index.php(13): CWebApplication->run()
REQUEST_URI=/PhpProject1/index.php
in C:\xampp\htdocs\PhpProject1\protected\views\site\index.php (37)
in C:\xampp\htdocs\PhpProject1\protected\controllers\SiteController.php (32)
in C:\xampp\htdocs\PhpProject1\index.php (13)
2018/07/29 21:48:53 [error] [exception.Error] Error: Call to undefined function toString() in C:\xampp\htdocs\PhpProject1\protected\views\site\index.php:37
Stack trace:
#0 E:\yii-1.1.20.6ed384\framework\web\CBaseController.php(126): require()
#1 E:\yii-1.1.20.6ed384\framework\web\CBaseController.php(95): CBaseController->renderInternal('C:\\xampp\\htdocs...', NULL, true)
#2 E:\yii-1.1.20.6ed384\framework\web\CController.php(872): CBaseController->renderFile('C:\\xampp\\htdocs...', NULL, true)
#3 E:\yii-1.1.20.6ed384\framework\web\CController.php(785): CController->renderPartial('index', NULL, true)
#4 C:\xampp\htdocs\PhpProject1\protected\controllers\SiteController.php(32): CController->render('index')
#5 E:\yii-1.1.20.6ed384\framework\web\actions\CInlineAction.php(49): SiteController->actionIndex()
#6 E:\yii-1.1.20.6ed384\framework\web\CController.php(308): CInlineAction->runWithParams(Array)
#7 E:\yii-1.1.20.6ed384\framework\web\CController.php(286): CController->runAction(Object(CInlineAction))
#8 E:\yii-1.1.20.6ed384\framework\web\CController.php(265): CController->runActionWithFilters(Object(CInlineAction), Array)
#9 E:\yii-1.1.20.6ed384\framework\web\CWebApplication.php(282): CController->run('')
#10 E:\yii-1.1.20.6ed384\framework\web\CWebApplication.php(141): CWebApplication->runController('')
#11 E:\yii-1.1.20.6ed384\framework\base\CApplication.php(185): CWebApplication->processRequest()
#12 C:\xampp\htdocs\PhpProject1\index.php(13): CApplication->run()
#13 {main}
REQUEST_URI=/PhpProject1/index.php
---
2018/07/29 21:50:44 [error] [php] Array to string conversion (C:\xampp\htdocs\PhpProject1\protected\views\site\index.php:38)
Stack trace:
#0 E:\yii-1.1.20.6ed384\framework\web\CController.php(872): SiteController->renderFile()
#1 E:\yii-1.1.20.6ed384\framework\web\CController.php(785): SiteController->renderPartial()
#2 C:\xampp\htdocs\PhpProject1\protected\controllers\SiteController.php(32): SiteController->render()
#3 E:\yii-1.1.20.6ed384\framework\web\actions\CInlineAction.php(49): SiteController->actionIndex()
#4 E:\yii-1.1.20.6ed384\framework\web\CController.php(308): CInlineAction->runWithParams()
#5 E:\yii-1.1.20.6ed384\framework\web\CController.php(286): SiteController->runAction()
#6 E:\yii-1.1.20.6ed384\framework\web\CController.php(265): SiteController->runActionWithFilters()
#7 E:\yii-1.1.20.6ed384\framework\web\CWebApplication.php(282): SiteController->run()
#8 E:\yii-1.1.20.6ed384\framework\web\CWebApplication.php(141): CWebApplication->runController()
#9 E:\yii-1.1.20.6ed384\framework\base\CApplication.php(185): CWebApplication->processRequest()
#10 C:\xampp\htdocs\PhpProject1\index.php(13): CWebApplication->run()
REQUEST_URI=/PhpProject1/index.php
in C:\xampp\htdocs\PhpProject1\protected\views\site\index.php (38)
in C:\xampp\htdocs\PhpProject1\protected\controllers\SiteController.php (32)
in C:\xampp\htdocs\PhpProject1\index.php (13)
2018/07/29 21:51:06 [error] [php] Use of undefined constant id - assumed 'id' (this will throw an Error in a future version of PHP) (C:\xampp\htdocs\PhpProject1\protected\views\site\index.php:38)
Stack trace:
#0 E:\yii-1.1.20.6ed384\framework\web\CController.php(872): SiteController->renderFile()
#1 E:\yii-1.1.20.6ed384\framework\web\CController.php(785): SiteController->renderPartial()
#2 C:\xampp\htdocs\PhpProject1\protected\controllers\SiteController.php(32): SiteController->render()
#3 E:\yii-1.1.20.6ed384\framework\web\actions\CInlineAction.php(49): SiteController->actionIndex()
#4 E:\yii-1.1.20.6ed384\framework\web\CController.php(308): CInlineAction->runWithParams()
#5 E:\yii-1.1.20.6ed384\framework\web\CController.php(286): SiteController->runAction()
#6 E:\yii-1.1.20.6ed384\framework\web\CController.php(265): SiteController->runActionWithFilters()
#7 E:\yii-1.1.20.6ed384\framework\web\CWebApplication.php(282): SiteController->run()
#8 E:\yii-1.1.20.6ed384\framework\web\CWebApplication.php(141): CWebApplication->runController()
#9 E:\yii-1.1.20.6ed384\framework\base\CApplication.php(185): CWebApplication->processRequest()
#10 C:\xampp\htdocs\PhpProject1\index.php(13): CWebApplication->run()
REQUEST_URI=/PhpProject1/index.php
in C:\xampp\htdocs\PhpProject1\protected\views\site\index.php (38)
in C:\xampp\htdocs\PhpProject1\protected\controllers\SiteController.php (32)
in C:\xampp\htdocs\PhpProject1\index.php (13)
2018/07/29 21:53:03 [error] [php] Trying to get property 'text' of non-object (C:\xampp\htdocs\PhpProject1\protected\views\site\index.php:38)
Stack trace:
#0 E:\yii-1.1.20.6ed384\framework\web\CController.php(872): SiteController->renderFile()
#1 E:\yii-1.1.20.6ed384\framework\web\CController.php(785): SiteController->renderPartial()
#2 C:\xampp\htdocs\PhpProject1\protected\controllers\SiteController.php(32): SiteController->render()
#3 E:\yii-1.1.20.6ed384\framework\web\actions\CInlineAction.php(49): SiteController->actionIndex()
#4 E:\yii-1.1.20.6ed384\framework\web\CController.php(308): CInlineAction->runWithParams()
#5 E:\yii-1.1.20.6ed384\framework\web\CController.php(286): SiteController->runAction()
#6 E:\yii-1.1.20.6ed384\framework\web\CController.php(265): SiteController->runActionWithFilters()
#7 E:\yii-1.1.20.6ed384\framework\web\CWebApplication.php(282): SiteController->run()
#8 E:\yii-1.1.20.6ed384\framework\web\CWebApplication.php(141): CWebApplication->runController()
#9 E:\yii-1.1.20.6ed384\framework\base\CApplication.php(185): CWebApplication->processRequest()
#10 C:\xampp\htdocs\PhpProject1\index.php(13): CWebApplication->run()
REQUEST_URI=/PhpProject1/index.php
in C:\xampp\htdocs\PhpProject1\protected\views\site\index.php (38)
in C:\xampp\htdocs\PhpProject1\protected\controllers\SiteController.php (32)
in C:\xampp\htdocs\PhpProject1\index.php (13)
2018/07/29 21:54:55 [error] [php] Trying to get property 'text' of non-object (C:\xampp\htdocs\PhpProject1\protected\views\site\index.php:39)
Stack trace:
#0 E:\yii-1.1.20.6ed384\framework\web\CController.php(872): SiteController->renderFile()
#1 E:\yii-1.1.20.6ed384\framework\web\CController.php(785): SiteController->renderPartial()
#2 C:\xampp\htdocs\PhpProject1\protected\controllers\SiteController.php(32): SiteController->render()
#3 E:\yii-1.1.20.6ed384\framework\web\actions\CInlineAction.php(49): SiteController->actionIndex()
#4 E:\yii-1.1.20.6ed384\framework\web\CController.php(308): CInlineAction->runWithParams()
#5 E:\yii-1.1.20.6ed384\framework\web\CController.php(286): SiteController->runAction()
#6 E:\yii-1.1.20.6ed384\framework\web\CController.php(265): SiteController->runActionWithFilters()
#7 E:\yii-1.1.20.6ed384\framework\web\CWebApplication.php(282): SiteController->run()
#8 E:\yii-1.1.20.6ed384\framework\web\CWebApplication.php(141): CWebApplication->runController()
#9 E:\yii-1.1.20.6ed384\framework\base\CApplication.php(185): CWebApplication->processRequest()
#10 C:\xampp\htdocs\PhpProject1\index.php(13): CWebApplication->run()
REQUEST_URI=/PhpProject1/index.php
in C:\xampp\htdocs\PhpProject1\protected\views\site\index.php (39)
in C:\xampp\htdocs\PhpProject1\protected\controllers\SiteController.php (32)
in C:\xampp\htdocs\PhpProject1\index.php (13)
2018/07/29 21:55:31 [error] [php] Object of class stdClass could not be converted to string (C:\xampp\htdocs\PhpProject1\protected\views\site\index.php:39)
Stack trace:
#0 E:\yii-1.1.20.6ed384\framework\web\CController.php(872): SiteController->renderFile()
#1 E:\yii-1.1.20.6ed384\framework\web\CController.php(785): SiteController->renderPartial()
#2 C:\xampp\htdocs\PhpProject1\protected\controllers\SiteController.php(32): SiteController->render()
#3 E:\yii-1.1.20.6ed384\framework\web\actions\CInlineAction.php(49): SiteController->actionIndex()
#4 E:\yii-1.1.20.6ed384\framework\web\CController.php(308): CInlineAction->runWithParams()
#5 E:\yii-1.1.20.6ed384\framework\web\CController.php(286): SiteController->runAction()
#6 E:\yii-1.1.20.6ed384\framework\web\CController.php(265): SiteController->runActionWithFilters()
#7 E:\yii-1.1.20.6ed384\framework\web\CWebApplication.php(282): SiteController->run()
#8 E:\yii-1.1.20.6ed384\framework\web\CWebApplication.php(141): CWebApplication->runController()
#9 E:\yii-1.1.20.6ed384\framework\base\CApplication.php(185): CWebApplication->processRequest()
#10 C:\xampp\htdocs\PhpProject1\index.php(13): CWebApplication->run()
REQUEST_URI=/PhpProject1/index.php
in C:\xampp\htdocs\PhpProject1\protected\views\site\index.php (39)
in C:\xampp\htdocs\PhpProject1\protected\controllers\SiteController.php (32)
in C:\xampp\htdocs\PhpProject1\index.php (13)
2018/07/29 21:56:51 [error] [php] Object of class stdClass could not be converted to string (C:\xampp\htdocs\PhpProject1\protected\views\site\index.php:39)
Stack trace:
#0 E:\yii-1.1.20.6ed384\framework\web\CController.php(872): SiteController->renderFile()
#1 E:\yii-1.1.20.6ed384\framework\web\CController.php(785): SiteController->renderPartial()
#2 C:\xampp\htdocs\PhpProject1\protected\controllers\SiteController.php(32): SiteController->render()
#3 E:\yii-1.1.20.6ed384\framework\web\actions\CInlineAction.php(49): SiteController->actionIndex()
#4 E:\yii-1.1.20.6ed384\framework\web\CController.php(308): CInlineAction->runWithParams()
#5 E:\yii-1.1.20.6ed384\framework\web\CController.php(286): SiteController->runAction()
#6 E:\yii-1.1.20.6ed384\framework\web\CController.php(265): SiteController->runActionWithFilters()
#7 E:\yii-1.1.20.6ed384\framework\web\CWebApplication.php(282): SiteController->run()
#8 E:\yii-1.1.20.6ed384\framework\web\CWebApplication.php(141): CWebApplication->runController()
#9 E:\yii-1.1.20.6ed384\framework\base\CApplication.php(185): CWebApplication->processRequest()
#10 C:\xampp\htdocs\PhpProject1\index.php(13): CWebApplication->run()
REQUEST_URI=/PhpProject1/index.php
in C:\xampp\htdocs\PhpProject1\protected\views\site\index.php (39)
in C:\xampp\htdocs\PhpProject1\protected\controllers\SiteController.php (32)
in C:\xampp\htdocs\PhpProject1\index.php (13)
2018/07/29 21:58:36 [error] [php] Trying to get property 'text' of non-object (C:\xampp\htdocs\PhpProject1\protected\views\site\index.php:40)
Stack trace:
#0 E:\yii-1.1.20.6ed384\framework\web\CController.php(872): SiteController->renderFile()
#1 E:\yii-1.1.20.6ed384\framework\web\CController.php(785): SiteController->renderPartial()
#2 C:\xampp\htdocs\PhpProject1\protected\controllers\SiteController.php(32): SiteController->render()
#3 E:\yii-1.1.20.6ed384\framework\web\actions\CInlineAction.php(49): SiteController->actionIndex()
#4 E:\yii-1.1.20.6ed384\framework\web\CController.php(308): CInlineAction->runWithParams()
#5 E:\yii-1.1.20.6ed384\framework\web\CController.php(286): SiteController->runAction()
#6 E:\yii-1.1.20.6ed384\framework\web\CController.php(265): SiteController->runActionWithFilters()
#7 E:\yii-1.1.20.6ed384\framework\web\CWebApplication.php(282): SiteController->run()
#8 E:\yii-1.1.20.6ed384\framework\web\CWebApplication.php(141): CWebApplication->runController()
#9 E:\yii-1.1.20.6ed384\framework\base\CApplication.php(185): CWebApplication->processRequest()
#10 C:\xampp\htdocs\PhpProject1\index.php(13): CWebApplication->run()
REQUEST_URI=/PhpProject1/index.php
in C:\xampp\htdocs\PhpProject1\protected\views\site\index.php (40)
in C:\xampp\htdocs\PhpProject1\protected\controllers\SiteController.php (32)
in C:\xampp\htdocs\PhpProject1\index.php (13)
2018/07/29 21:59:08 [error] [exception.ParseError] ParseError: syntax error, unexpected '}', expecting ',' or ';' in C:\xampp\htdocs\PhpProject1\protected\views\site\index.php:42
Stack trace:
#0 E:\yii-1.1.20.6ed384\framework\web\CBaseController.php(95): CBaseController->renderInternal('C:\\xampp\\htdocs...', NULL, true)
#1 E:\yii-1.1.20.6ed384\framework\web\CController.php(872): CBaseController->renderFile('C:\\xampp\\htdocs...', NULL, true)
#2 E:\yii-1.1.20.6ed384\framework\web\CController.php(785): CController->renderPartial('index', NULL, true)
#3 C:\xampp\htdocs\PhpProject1\protected\controllers\SiteController.php(32): CController->render('index')
#4 E:\yii-1.1.20.6ed384\framework\web\actions\CInlineAction.php(49): SiteController->actionIndex()
#5 E:\yii-1.1.20.6ed384\framework\web\CController.php(308): CInlineAction->runWithParams(Array)
#6 E:\yii-1.1.20.6ed384\framework\web\CController.php(286): CController->runAction(Object(CInlineAction))
#7 E:\yii-1.1.20.6ed384\framework\web\CController.php(265): CController->runActionWithFilters(Object(CInlineAction), Array)
#8 E:\yii-1.1.20.6ed384\framework\web\CWebApplication.php(282): CController->run('')
#9 E:\yii-1.1.20.6ed384\framework\web\CWebApplication.php(141): CWebApplication->runController('')
#10 E:\yii-1.1.20.6ed384\framework\base\CApplication.php(185): CWebApplication->processRequest()
#11 C:\xampp\htdocs\PhpProject1\index.php(13): CApplication->run()
#12 {main}
REQUEST_URI=/PhpProject1/index.php
---
2018/07/29 22:03:31 [error] [php] Object of class stdClass could not be converted to string (C:\xampp\htdocs\PhpProject1\protected\views\site\index.php:40)
Stack trace:
#0 E:\yii-1.1.20.6ed384\framework\web\CController.php(872): SiteController->renderFile()
#1 E:\yii-1.1.20.6ed384\framework\web\CController.php(785): SiteController->renderPartial()
#2 C:\xampp\htdocs\PhpProject1\protected\controllers\SiteController.php(32): SiteController->render()
#3 E:\yii-1.1.20.6ed384\framework\web\actions\CInlineAction.php(49): SiteController->actionIndex()
#4 E:\yii-1.1.20.6ed384\framework\web\CController.php(308): CInlineAction->runWithParams()
#5 E:\yii-1.1.20.6ed384\framework\web\CController.php(286): SiteController->runAction()
#6 E:\yii-1.1.20.6ed384\framework\web\CController.php(265): SiteController->runActionWithFilters()
#7 E:\yii-1.1.20.6ed384\framework\web\CWebApplication.php(282): SiteController->run()
#8 E:\yii-1.1.20.6ed384\framework\web\CWebApplication.php(141): CWebApplication->runController()
#9 E:\yii-1.1.20.6ed384\framework\base\CApplication.php(185): CWebApplication->processRequest()
#10 C:\xampp\htdocs\PhpProject1\index.php(13): CWebApplication->run()
REQUEST_URI=/PhpProject1/index.php
in C:\xampp\htdocs\PhpProject1\protected\views\site\index.php (40)
in C:\xampp\htdocs\PhpProject1\protected\controllers\SiteController.php (32)
in C:\xampp\htdocs\PhpProject1\index.php (13)
2018/07/29 22:04:22 [error] [php] Array to string conversion (C:\xampp\htdocs\PhpProject1\protected\views\site\index.php:40)
Stack trace:
#0 E:\yii-1.1.20.6ed384\framework\web\CController.php(872): SiteController->renderFile()
#1 E:\yii-1.1.20.6ed384\framework\web\CController.php(785): SiteController->renderPartial()
#2 C:\xampp\htdocs\PhpProject1\protected\controllers\SiteController.php(32): SiteController->render()
#3 E:\yii-1.1.20.6ed384\framework\web\actions\CInlineAction.php(49): SiteController->actionIndex()
#4 E:\yii-1.1.20.6ed384\framework\web\CController.php(308): CInlineAction->runWithParams()
#5 E:\yii-1.1.20.6ed384\framework\web\CController.php(286): SiteController->runAction()
#6 E:\yii-1.1.20.6ed384\framework\web\CController.php(265): SiteController->runActionWithFilters()
#7 E:\yii-1.1.20.6ed384\framework\web\CWebApplication.php(282): SiteController->run()
#8 E:\yii-1.1.20.6ed384\framework\web\CWebApplication.php(141): CWebApplication->runController()
#9 E:\yii-1.1.20.6ed384\framework\base\CApplication.php(185): CWebApplication->processRequest()
#10 C:\xampp\htdocs\PhpProject1\index.php(13): CWebApplication->run()
REQUEST_URI=/PhpProject1/index.php
in C:\xampp\htdocs\PhpProject1\protected\views\site\index.php (40)
in C:\xampp\htdocs\PhpProject1\protected\controllers\SiteController.php (32)
in C:\xampp\htdocs\PhpProject1\index.php (13)
2018/07/29 22:05:01 [error] [php] Use of undefined constant length - assumed 'length' (this will throw an Error in a future version of PHP) (C:\xampp\htdocs\PhpProject1\protected\views\site\index.php:40)
Stack trace:
#0 E:\yii-1.1.20.6ed384\framework\web\CController.php(872): SiteController->renderFile()
#1 E:\yii-1.1.20.6ed384\framework\web\CController.php(785): SiteController->renderPartial()
#2 C:\xampp\htdocs\PhpProject1\protected\controllers\SiteController.php(32): SiteController->render()
#3 E:\yii-1.1.20.6ed384\framework\web\actions\CInlineAction.php(49): SiteController->actionIndex()
#4 E:\yii-1.1.20.6ed384\framework\web\CController.php(308): CInlineAction->runWithParams()
#5 E:\yii-1.1.20.6ed384\framework\web\CController.php(286): SiteController->runAction()
#6 E:\yii-1.1.20.6ed384\framework\web\CController.php(265): SiteController->runActionWithFilters()
#7 E:\yii-1.1.20.6ed384\framework\web\CWebApplication.php(282): SiteController->run()
#8 E:\yii-1.1.20.6ed384\framework\web\CWebApplication.php(141): CWebApplication->runController()
#9 E:\yii-1.1.20.6ed384\framework\base\CApplication.php(185): CWebApplication->processRequest()
#10 C:\xampp\htdocs\PhpProject1\index.php(13): CWebApplication->run()
REQUEST_URI=/PhpProject1/index.php
in C:\xampp\htdocs\PhpProject1\protected\views\site\index.php (40)
in C:\xampp\htdocs\PhpProject1\protected\controllers\SiteController.php (32)
in C:\xampp\htdocs\PhpProject1\index.php (13)
2018/07/29 22:05:15 [error] [php] Use of undefined constant length - assumed 'length' (this will throw an Error in a future version of PHP) (C:\xampp\htdocs\PhpProject1\protected\views\site\index.php:40)
Stack trace:
#0 E:\yii-1.1.20.6ed384\framework\web\CController.php(872): SiteController->renderFile()
#1 E:\yii-1.1.20.6ed384\framework\web\CController.php(785): SiteController->renderPartial()
#2 C:\xampp\htdocs\PhpProject1\protected\controllers\SiteController.php(32): SiteController->render()
#3 E:\yii-1.1.20.6ed384\framework\web\actions\CInlineAction.php(49): SiteController->actionIndex()
#4 E:\yii-1.1.20.6ed384\framework\web\CController.php(308): CInlineAction->runWithParams()
#5 E:\yii-1.1.20.6ed384\framework\web\CController.php(286): SiteController->runAction()
#6 E:\yii-1.1.20.6ed384\framework\web\CController.php(265): SiteController->runActionWithFilters()
#7 E:\yii-1.1.20.6ed384\framework\web\CWebApplication.php(282): SiteController->run()
#8 E:\yii-1.1.20.6ed384\framework\web\CWebApplication.php(141): CWebApplication->runController()
#9 E:\yii-1.1.20.6ed384\framework\base\CApplication.php(185): CWebApplication->processRequest()
#10 C:\xampp\htdocs\PhpProject1\index.php(13): CWebApplication->run()
REQUEST_URI=/PhpProject1/index.php
in C:\xampp\htdocs\PhpProject1\protected\views\site\index.php (40)
in C:\xampp\htdocs\PhpProject1\protected\controllers\SiteController.php (32)
in C:\xampp\htdocs\PhpProject1\index.php (13)
2018/07/29 22:05:31 [error] [php] Trying to get property 'text' of non-object (C:\xampp\htdocs\PhpProject1\protected\views\site\index.php:39)
Stack trace:
#0 E:\yii-1.1.20.6ed384\framework\web\CController.php(872): SiteController->renderFile()
#1 E:\yii-1.1.20.6ed384\framework\web\CController.php(785): SiteController->renderPartial()
#2 C:\xampp\htdocs\PhpProject1\protected\controllers\SiteController.php(32): SiteController->render()
#3 E:\yii-1.1.20.6ed384\framework\web\actions\CInlineAction.php(49): SiteController->actionIndex()
#4 E:\yii-1.1.20.6ed384\framework\web\CController.php(308): CInlineAction->runWithParams()
#5 E:\yii-1.1.20.6ed384\framework\web\CController.php(286): SiteController->runAction()
#6 E:\yii-1.1.20.6ed384\framework\web\CController.php(265): SiteController->runActionWithFilters()
#7 E:\yii-1.1.20.6ed384\framework\web\CWebApplication.php(282): SiteController->run()
#8 E:\yii-1.1.20.6ed384\framework\web\CWebApplication.php(141): CWebApplication->runController()
#9 E:\yii-1.1.20.6ed384\framework\base\CApplication.php(185): CWebApplication->processRequest()
#10 C:\xampp\htdocs\PhpProject1\index.php(13): CWebApplication->run()
REQUEST_URI=/PhpProject1/index.php
in C:\xampp\htdocs\PhpProject1\protected\views\site\index.php (39)
in C:\xampp\htdocs\PhpProject1\protected\controllers\SiteController.php (32)
in C:\xampp\htdocs\PhpProject1\index.php (13)
2018/07/29 22:05:48 [error] [php] Trying to get property 'text' of non-object (C:\xampp\htdocs\PhpProject1\protected\views\site\index.php:40)
Stack trace:
#0 E:\yii-1.1.20.6ed384\framework\web\CController.php(872): SiteController->renderFile()
#1 E:\yii-1.1.20.6ed384\framework\web\CController.php(785): SiteController->renderPartial()
#2 C:\xampp\htdocs\PhpProject1\protected\controllers\SiteController.php(32): SiteController->render()
#3 E:\yii-1.1.20.6ed384\framework\web\actions\CInlineAction.php(49): SiteController->actionIndex()
#4 E:\yii-1.1.20.6ed384\framework\web\CController.php(308): CInlineAction->runWithParams()
#5 E:\yii-1.1.20.6ed384\framework\web\CController.php(286): SiteController->runAction()
#6 E:\yii-1.1.20.6ed384\framework\web\CController.php(265): SiteController->runActionWithFilters()
#7 E:\yii-1.1.20.6ed384\framework\web\CWebApplication.php(282): SiteController->run()
#8 E:\yii-1.1.20.6ed384\framework\web\CWebApplication.php(141): CWebApplication->runController()
#9 E:\yii-1.1.20.6ed384\framework\base\CApplication.php(185): CWebApplication->processRequest()
#10 C:\xampp\htdocs\PhpProject1\index.php(13): CWebApplication->run()
REQUEST_URI=/PhpProject1/index.php
in C:\xampp\htdocs\PhpProject1\protected\views\site\index.php (40)
in C:\xampp\htdocs\PhpProject1\protected\controllers\SiteController.php (32)
in C:\xampp\htdocs\PhpProject1\index.php (13)
2018/07/29 22:07:18 [error] [php] Trying to get property 'text' of non-object (C:\xampp\htdocs\PhpProject1\protected\views\site\index.php:40)
Stack trace:
#0 E:\yii-1.1.20.6ed384\framework\web\CController.php(872): SiteController->renderFile()
#1 E:\yii-1.1.20.6ed384\framework\web\CController.php(785): SiteController->renderPartial()
#2 C:\xampp\htdocs\PhpProject1\protected\controllers\SiteController.php(32): SiteController->render()
#3 E:\yii-1.1.20.6ed384\framework\web\actions\CInlineAction.php(49): SiteController->actionIndex()
#4 E:\yii-1.1.20.6ed384\framework\web\CController.php(308): CInlineAction->runWithParams()
#5 E:\yii-1.1.20.6ed384\framework\web\CController.php(286): SiteController->runAction()
#6 E:\yii-1.1.20.6ed384\framework\web\CController.php(265): SiteController->runActionWithFilters()
#7 E:\yii-1.1.20.6ed384\framework\web\CWebApplication.php(282): SiteController->run()
#8 E:\yii-1.1.20.6ed384\framework\web\CWebApplication.php(141): CWebApplication->runController()
#9 E:\yii-1.1.20.6ed384\framework\base\CApplication.php(185): CWebApplication->processRequest()
#10 C:\xampp\htdocs\PhpProject1\index.php(13): CWebApplication->run()
REQUEST_URI=/PhpProject1/index.php
in C:\xampp\htdocs\PhpProject1\protected\views\site\index.php (40)
in C:\xampp\htdocs\PhpProject1\protected\controllers\SiteController.php (32)
in C:\xampp\htdocs\PhpProject1\index.php (13)
2018/07/29 22:07:47 [error] [exception.Error] Error: Call to undefined function var_param() in C:\xampp\htdocs\PhpProject1\protected\views\site\index.php:44
Stack trace:
#0 E:\yii-1.1.20.6ed384\framework\web\CBaseController.php(126): require()
#1 E:\yii-1.1.20.6ed384\framework\web\CBaseController.php(95): CBaseController->renderInternal('C:\\xampp\\htdocs...', NULL, true)
#2 E:\yii-1.1.20.6ed384\framework\web\CController.php(872): CBaseController->renderFile('C:\\xampp\\htdocs...', NULL, true)
#3 E:\yii-1.1.20.6ed384\framework\web\CController.php(785): CController->renderPartial('index', NULL, true)
#4 C:\xampp\htdocs\PhpProject1\protected\controllers\SiteController.php(32): CController->render('index')
#5 E:\yii-1.1.20.6ed384\framework\web\actions\CInlineAction.php(49): SiteController->actionIndex()
#6 E:\yii-1.1.20.6ed384\framework\web\CController.php(308): CInlineAction->runWithParams(Array)
#7 E:\yii-1.1.20.6ed384\framework\web\CController.php(286): CController->runAction(Object(CInlineAction))
#8 E:\yii-1.1.20.6ed384\framework\web\CController.php(265): CController->runActionWithFilters(Object(CInlineAction), Array)
#9 E:\yii-1.1.20.6ed384\framework\web\CWebApplication.php(282): CController->run('')
#10 E:\yii-1.1.20.6ed384\framework\web\CWebApplication.php(141): CWebApplication->runController('')
#11 E:\yii-1.1.20.6ed384\framework\base\CApplication.php(185): CWebApplication->processRequest()
#12 C:\xampp\htdocs\PhpProject1\index.php(13): CApplication->run()
#13 {main}
REQUEST_URI=/PhpProject1/index.php
---
2018/07/29 22:09:38 [error] [php] Trying to get property 'statuses' of non-object (C:\xampp\htdocs\PhpProject1\protected\views\site\index.php:38)
Stack trace:
#0 E:\yii-1.1.20.6ed384\framework\web\CController.php(872): SiteController->renderFile()
#1 E:\yii-1.1.20.6ed384\framework\web\CController.php(785): SiteController->renderPartial()
#2 C:\xampp\htdocs\PhpProject1\protected\controllers\SiteController.php(32): SiteController->render()
#3 E:\yii-1.1.20.6ed384\framework\web\actions\CInlineAction.php(49): SiteController->actionIndex()
#4 E:\yii-1.1.20.6ed384\framework\web\CController.php(308): CInlineAction->runWithParams()
#5 E:\yii-1.1.20.6ed384\framework\web\CController.php(286): SiteController->runAction()
#6 E:\yii-1.1.20.6ed384\framework\web\CController.php(265): SiteController->runActionWithFilters()
#7 E:\yii-1.1.20.6ed384\framework\web\CWebApplication.php(282): SiteController->run()
#8 E:\yii-1.1.20.6ed384\framework\web\CWebApplication.php(141): CWebApplication->runController()
#9 E:\yii-1.1.20.6ed384\framework\base\CApplication.php(185): CWebApplication->processRequest()
#10 C:\xampp\htdocs\PhpProject1\index.php(13): CWebApplication->run()
REQUEST_URI=/PhpProject1/index.php
in C:\xampp\htdocs\PhpProject1\protected\views\site\index.php (38)
in C:\xampp\htdocs\PhpProject1\protected\controllers\SiteController.php (32)
in C:\xampp\htdocs\PhpProject1\index.php (13)
2018/07/29 22:10:30 [error] [php] Trying to get property 'statuses' of non-object (C:\xampp\htdocs\PhpProject1\protected\views\site\index.php:38)
Stack trace:
#0 E:\yii-1.1.20.6ed384\framework\web\CController.php(872): SiteController->renderFile()
#1 E:\yii-1.1.20.6ed384\framework\web\CController.php(785): SiteController->renderPartial()
#2 C:\xampp\htdocs\PhpProject1\protected\controllers\SiteController.php(32): SiteController->render()
#3 E:\yii-1.1.20.6ed384\framework\web\actions\CInlineAction.php(49): SiteController->actionIndex()
#4 E:\yii-1.1.20.6ed384\framework\web\CController.php(308): CInlineAction->runWithParams()
#5 E:\yii-1.1.20.6ed384\framework\web\CController.php(286): SiteController->runAction()
#6 E:\yii-1.1.20.6ed384\framework\web\CController.php(265): SiteController->runActionWithFilters()
#7 E:\yii-1.1.20.6ed384\framework\web\CWebApplication.php(282): SiteController->run()
#8 E:\yii-1.1.20.6ed384\framework\web\CWebApplication.php(141): CWebApplication->runController()
#9 E:\yii-1.1.20.6ed384\framework\base\CApplication.php(185): CWebApplication->processRequest()
#10 C:\xampp\htdocs\PhpProject1\index.php(13): CWebApplication->run()
REQUEST_URI=/PhpProject1/index.php
in C:\xampp\htdocs\PhpProject1\protected\views\site\index.php (38)
in C:\xampp\htdocs\PhpProject1\protected\controllers\SiteController.php (32)
in C:\xampp\htdocs\PhpProject1\index.php (13)
2018/07/29 22:10:30 [error] [php] Trying to get property 'statuses' of non-object (C:\xampp\htdocs\PhpProject1\protected\views\site\index.php:38)
Stack trace:
#0 E:\yii-1.1.20.6ed384\framework\web\CController.php(872): SiteController->renderFile()
#1 E:\yii-1.1.20.6ed384\framework\web\CController.php(785): SiteController->renderPartial()
#2 C:\xampp\htdocs\PhpProject1\protected\controllers\SiteController.php(32): SiteController->render()
#3 E:\yii-1.1.20.6ed384\framework\web\actions\CInlineAction.php(49): SiteController->actionIndex()
#4 E:\yii-1.1.20.6ed384\framework\web\CController.php(308): CInlineAction->runWithParams()
#5 E:\yii-1.1.20.6ed384\framework\web\CController.php(286): SiteController->runAction()
#6 E:\yii-1.1.20.6ed384\framework\web\CController.php(265): SiteController->runActionWithFilters()
#7 E:\yii-1.1.20.6ed384\framework\web\CWebApplication.php(282): SiteController->run()
#8 E:\yii-1.1.20.6ed384\framework\web\CWebApplication.php(141): CWebApplication->runController()
#9 E:\yii-1.1.20.6ed384\framework\base\CApplication.php(185): CWebApplication->processRequest()
#10 C:\xampp\htdocs\PhpProject1\index.php(13): CWebApplication->run()
REQUEST_URI=/PhpProject1/index.php
in C:\xampp\htdocs\PhpProject1\protected\views\site\index.php (38)
in C:\xampp\htdocs\PhpProject1\protected\controllers\SiteController.php (32)
in C:\xampp\htdocs\PhpProject1\index.php (13)
2018/07/29 22:12:04 [error] [php] Trying to get property 'search_metadata' of non-object (C:\xampp\htdocs\PhpProject1\protected\views\site\index.php:38)
Stack trace:
#0 E:\yii-1.1.20.6ed384\framework\web\CController.php(872): SiteController->renderFile()
#1 E:\yii-1.1.20.6ed384\framework\web\CController.php(785): SiteController->renderPartial()
#2 C:\xampp\htdocs\PhpProject1\protected\controllers\SiteController.php(32): SiteController->render()
#3 E:\yii-1.1.20.6ed384\framework\web\actions\CInlineAction.php(49): SiteController->actionIndex()
#4 E:\yii-1.1.20.6ed384\framework\web\CController.php(308): CInlineAction->runWithParams()
#5 E:\yii-1.1.20.6ed384\framework\web\CController.php(286): SiteController->runAction()
#6 E:\yii-1.1.20.6ed384\framework\web\CController.php(265): SiteController->runActionWithFilters()
#7 E:\yii-1.1.20.6ed384\framework\web\CWebApplication.php(282): SiteController->run()
#8 E:\yii-1.1.20.6ed384\framework\web\CWebApplication.php(141): CWebApplication->runController()
#9 E:\yii-1.1.20.6ed384\framework\base\CApplication.php(185): CWebApplication->processRequest()
#10 C:\xampp\htdocs\PhpProject1\index.php(13): CWebApplication->run()
REQUEST_URI=/PhpProject1/index.php
in C:\xampp\htdocs\PhpProject1\protected\views\site\index.php (38)
in C:\xampp\htdocs\PhpProject1\protected\controllers\SiteController.php (32)
in C:\xampp\htdocs\PhpProject1\index.php (13)
2018/07/29 22:12:22 [error] [php] Trying to get property 'statuses' of non-object (C:\xampp\htdocs\PhpProject1\protected\views\site\index.php:39)
Stack trace:
#0 E:\yii-1.1.20.6ed384\framework\web\CController.php(872): SiteController->renderFile()
#1 E:\yii-1.1.20.6ed384\framework\web\CController.php(785): SiteController->renderPartial()
#2 C:\xampp\htdocs\PhpProject1\protected\controllers\SiteController.php(32): SiteController->render()
#3 E:\yii-1.1.20.6ed384\framework\web\actions\CInlineAction.php(49): SiteController->actionIndex()
#4 E:\yii-1.1.20.6ed384\framework\web\CController.php(308): CInlineAction->runWithParams()
#5 E:\yii-1.1.20.6ed384\framework\web\CController.php(286): SiteController->runAction()
#6 E:\yii-1.1.20.6ed384\framework\web\CController.php(265): SiteController->runActionWithFilters()
#7 E:\yii-1.1.20.6ed384\framework\web\CWebApplication.php(282): SiteController->run()
#8 E:\yii-1.1.20.6ed384\framework\web\CWebApplication.php(141): CWebApplication->runController()
#9 E:\yii-1.1.20.6ed384\framework\base\CApplication.php(185): CWebApplication->processRequest()
#10 C:\xampp\htdocs\PhpProject1\index.php(13): CWebApplication->run()
REQUEST_URI=/PhpProject1/index.php
in C:\xampp\htdocs\PhpProject1\protected\views\site\index.php (39)
in C:\xampp\htdocs\PhpProject1\protected\controllers\SiteController.php (32)
in C:\xampp\htdocs\PhpProject1\index.php (13)
2018/07/29 22:12:41 [error] [php] Object of class stdClass could not be converted to string (C:\xampp\htdocs\PhpProject1\protected\views\site\index.php:38)
Stack trace:
#0 E:\yii-1.1.20.6ed384\framework\web\CController.php(872): SiteController->renderFile()
#1 E:\yii-1.1.20.6ed384\framework\web\CController.php(785): SiteController->renderPartial()
#2 C:\xampp\htdocs\PhpProject1\protected\controllers\SiteController.php(32): SiteController->render()
#3 E:\yii-1.1.20.6ed384\framework\web\actions\CInlineAction.php(49): SiteController->actionIndex()
#4 E:\yii-1.1.20.6ed384\framework\web\CController.php(308): CInlineAction->runWithParams()
#5 E:\yii-1.1.20.6ed384\framework\web\CController.php(286): SiteController->runAction()
#6 E:\yii-1.1.20.6ed384\framework\web\CController.php(265): SiteController->runActionWithFilters()
#7 E:\yii-1.1.20.6ed384\framework\web\CWebApplication.php(282): SiteController->run()
#8 E:\yii-1.1.20.6ed384\framework\web\CWebApplication.php(141): CWebApplication->runController()
#9 E:\yii-1.1.20.6ed384\framework\base\CApplication.php(185): CWebApplication->processRequest()
#10 C:\xampp\htdocs\PhpProject1\index.php(13): CWebApplication->run()
REQUEST_URI=/PhpProject1/index.php
in C:\xampp\htdocs\PhpProject1\protected\views\site\index.php (38)
in C:\xampp\htdocs\PhpProject1\protected\controllers\SiteController.php (32)
in C:\xampp\htdocs\PhpProject1\index.php (13)
2018/07/29 22:14:32 [error] [php] Trying to get property 'search_metadata' of non-object (C:\xampp\htdocs\PhpProject1\protected\views\site\index.php:40)
Stack trace:
#0 E:\yii-1.1.20.6ed384\framework\web\CController.php(872): SiteController->renderFile()
#1 E:\yii-1.1.20.6ed384\framework\web\CController.php(785): SiteController->renderPartial()
#2 C:\xampp\htdocs\PhpProject1\protected\controllers\SiteController.php(32): SiteController->render()
#3 E:\yii-1.1.20.6ed384\framework\web\actions\CInlineAction.php(49): SiteController->actionIndex()
#4 E:\yii-1.1.20.6ed384\framework\web\CController.php(308): CInlineAction->runWithParams()
#5 E:\yii-1.1.20.6ed384\framework\web\CController.php(286): SiteController->runAction()
#6 E:\yii-1.1.20.6ed384\framework\web\CController.php(265): SiteController->runActionWithFilters()
#7 E:\yii-1.1.20.6ed384\framework\web\CWebApplication.php(282): SiteController->run()
#8 E:\yii-1.1.20.6ed384\framework\web\CWebApplication.php(141): CWebApplication->runController()
#9 E:\yii-1.1.20.6ed384\framework\base\CApplication.php(185): CWebApplication->processRequest()
#10 C:\xampp\htdocs\PhpProject1\index.php(13): CWebApplication->run()
REQUEST_URI=/PhpProject1/index.php
in C:\xampp\htdocs\PhpProject1\protected\views\site\index.php (40)
in C:\xampp\htdocs\PhpProject1\protected\controllers\SiteController.php (32)
in C:\xampp\htdocs\PhpProject1\index.php (13)
2018/07/29 22:19:33 [error] [php] Undefined index: keyword (C:\xampp\htdocs\PhpProject1\protected\views\site\index.php:36)
Stack trace:
#0 E:\yii-1.1.20.6ed384\framework\web\CController.php(872): SiteController->renderFile()
#1 E:\yii-1.1.20.6ed384\framework\web\CController.php(785): SiteController->renderPartial()
#2 C:\xampp\htdocs\PhpProject1\protected\controllers\SiteController.php(32): SiteController->render()
#3 E:\yii-1.1.20.6ed384\framework\web\actions\CInlineAction.php(49): SiteController->actionIndex()
#4 E:\yii-1.1.20.6ed384\framework\web\CController.php(308): CInlineAction->runWithParams()
#5 E:\yii-1.1.20.6ed384\framework\web\CController.php(286): SiteController->runAction()
#6 E:\yii-1.1.20.6ed384\framework\web\CController.php(265): SiteController->runActionWithFilters()
#7 E:\yii-1.1.20.6ed384\framework\web\CWebApplication.php(282): SiteController->run()
#8 E:\yii-1.1.20.6ed384\framework\web\CWebApplication.php(141): CWebApplication->runController()
#9 E:\yii-1.1.20.6ed384\framework\base\CApplication.php(185): CWebApplication->processRequest()
#10 C:\xampp\htdocs\PhpProject1\index.php(13): CWebApplication->run()
REQUEST_URI=/PhpProject1/index.php
in C:\xampp\htdocs\PhpProject1\protected\views\site\index.php (36)
in C:\xampp\htdocs\PhpProject1\protected\controllers\SiteController.php (32)
in C:\xampp\htdocs\PhpProject1\index.php (13)
2018/07/29 22:20:50 [error] [php] A non-numeric value encountered (C:\xampp\htdocs\PhpProject1\protected\views\site\index.php:38)
Stack trace:
#0 E:\yii-1.1.20.6ed384\framework\web\CController.php(872): SiteController->renderFile()
#1 E:\yii-1.1.20.6ed384\framework\web\CController.php(785): SiteController->renderPartial()
#2 C:\xampp\htdocs\PhpProject1\protected\controllers\SiteController.php(32): SiteController->render()
#3 E:\yii-1.1.20.6ed384\framework\web\actions\CInlineAction.php(49): SiteController->actionIndex()
#4 E:\yii-1.1.20.6ed384\framework\web\CController.php(308): CInlineAction->runWithParams()
#5 E:\yii-1.1.20.6ed384\framework\web\CController.php(286): SiteController->runAction()
#6 E:\yii-1.1.20.6ed384\framework\web\CController.php(265): SiteController->runActionWithFilters()
#7 E:\yii-1.1.20.6ed384\framework\web\CWebApplication.php(282): SiteController->run()
#8 E:\yii-1.1.20.6ed384\framework\web\CWebApplication.php(141): CWebApplication->runController()
#9 E:\yii-1.1.20.6ed384\framework\base\CApplication.php(185): CWebApplication->processRequest()
#10 C:\xampp\htdocs\PhpProject1\index.php(13): CWebApplication->run()
REQUEST_URI=/PhpProject1/index.php
in C:\xampp\htdocs\PhpProject1\protected\views\site\index.php (38)
in C:\xampp\htdocs\PhpProject1\protected\controllers\SiteController.php (32)
in C:\xampp\htdocs\PhpProject1\index.php (13)
2018/07/29 22:21:35 [error] [php] A non-numeric value encountered (C:\xampp\htdocs\PhpProject1\protected\views\site\index.php:38)
Stack trace:
#0 E:\yii-1.1.20.6ed384\framework\web\CController.php(872): SiteController->renderFile()
#1 E:\yii-1.1.20.6ed384\framework\web\CController.php(785): SiteController->renderPartial()
#2 C:\xampp\htdocs\PhpProject1\protected\controllers\SiteController.php(32): SiteController->render()
#3 E:\yii-1.1.20.6ed384\framework\web\actions\CInlineAction.php(49): SiteController->actionIndex()
#4 E:\yii-1.1.20.6ed384\framework\web\CController.php(308): CInlineAction->runWithParams()
#5 E:\yii-1.1.20.6ed384\framework\web\CController.php(286): SiteController->runAction()
#6 E:\yii-1.1.20.6ed384\framework\web\CController.php(265): SiteController->runActionWithFilters()
#7 E:\yii-1.1.20.6ed384\framework\web\CWebApplication.php(282): SiteController->run()
#8 E:\yii-1.1.20.6ed384\framework\web\CWebApplication.php(141): CWebApplication->runController()
#9 E:\yii-1.1.20.6ed384\framework\base\CApplication.php(185): CWebApplication->processRequest()
#10 C:\xampp\htdocs\PhpProject1\index.php(13): CWebApplication->run()
REQUEST_URI=/PhpProject1/index.php
in C:\xampp\htdocs\PhpProject1\protected\views\site\index.php (38)
in C:\xampp\htdocs\PhpProject1\protected\controllers\SiteController.php (32)
in C:\xampp\htdocs\PhpProject1\index.php (13)
2018/07/29 22:21:49 [error] [php] A non-numeric value encountered (C:\xampp\htdocs\PhpProject1\protected\views\site\index.php:38)
Stack trace:
#0 E:\yii-1.1.20.6ed384\framework\web\CController.php(872): SiteController->renderFile()
#1 E:\yii-1.1.20.6ed384\framework\web\CController.php(785): SiteController->renderPartial()
#2 C:\xampp\htdocs\PhpProject1\protected\controllers\SiteController.php(32): SiteController->render()
#3 E:\yii-1.1.20.6ed384\framework\web\actions\CInlineAction.php(49): SiteController->actionIndex()
#4 E:\yii-1.1.20.6ed384\framework\web\CController.php(308): CInlineAction->runWithParams()
#5 E:\yii-1.1.20.6ed384\framework\web\CController.php(286): SiteController->runAction()
#6 E:\yii-1.1.20.6ed384\framework\web\CController.php(265): SiteController->runActionWithFilters()
#7 E:\yii-1.1.20.6ed384\framework\web\CWebApplication.php(282): SiteController->run()
#8 E:\yii-1.1.20.6ed384\framework\web\CWebApplication.php(141): CWebApplication->runController()
#9 E:\yii-1.1.20.6ed384\framework\base\CApplication.php(185): CWebApplication->processRequest()
#10 C:\xampp\htdocs\PhpProject1\index.php(13): CWebApplication->run()
REQUEST_URI=/PhpProject1/index.php
in C:\xampp\htdocs\PhpProject1\protected\views\site\index.php (38)
in C:\xampp\htdocs\PhpProject1\protected\controllers\SiteController.php (32)
in C:\xampp\htdocs\PhpProject1\index.php (13)
2018/07/29 22:27:55 [error] [php] A non-numeric value encountered (C:\xampp\htdocs\PhpProject1\protected\views\site\index.php:44)
Stack trace:
#0 E:\yii-1.1.20.6ed384\framework\web\CController.php(872): SiteController->renderFile()
#1 E:\yii-1.1.20.6ed384\framework\web\CController.php(785): SiteController->renderPartial()
#2 C:\xampp\htdocs\PhpProject1\protected\controllers\SiteController.php(32): SiteController->render()
#3 E:\yii-1.1.20.6ed384\framework\web\actions\CInlineAction.php(49): SiteController->actionIndex()
#4 E:\yii-1.1.20.6ed384\framework\web\CController.php(308): CInlineAction->runWithParams()
#5 E:\yii-1.1.20.6ed384\framework\web\CController.php(286): SiteController->runAction()
#6 E:\yii-1.1.20.6ed384\framework\web\CController.php(265): SiteController->runActionWithFilters()
#7 E:\yii-1.1.20.6ed384\framework\web\CWebApplication.php(282): SiteController->run()
#8 E:\yii-1.1.20.6ed384\framework\web\CWebApplication.php(141): CWebApplication->runController()
#9 E:\yii-1.1.20.6ed384\framework\base\CApplication.php(185): CWebApplication->processRequest()
#10 C:\xampp\htdocs\PhpProject1\index.php(13): CWebApplication->run()
REQUEST_URI=/PhpProject1/index.php
in C:\xampp\htdocs\PhpProject1\protected\views\site\index.php (44)
in C:\xampp\htdocs\PhpProject1\protected\controllers\SiteController.php (32)
in C:\xampp\htdocs\PhpProject1\index.php (13)
2018/07/29 22:35:03 [error] [exception.ParseError] ParseError: syntax error, unexpected '$arrayJson' (T_VARIABLE) in C:\xampp\htdocs\PhpProject1\protected\views\site\index.php:52
Stack trace:
#0 E:\yii-1.1.20.6ed384\framework\web\CBaseController.php(95): CBaseController->renderInternal('C:\\xampp\\htdocs...', NULL, true)
#1 E:\yii-1.1.20.6ed384\framework\web\CController.php(872): CBaseController->renderFile('C:\\xampp\\htdocs...', NULL, true)
#2 E:\yii-1.1.20.6ed384\framework\web\CController.php(785): CController->renderPartial('index', NULL, true)
#3 C:\xampp\htdocs\PhpProject1\protected\controllers\SiteController.php(32): CController->render('index')
#4 E:\yii-1.1.20.6ed384\framework\web\actions\CInlineAction.php(49): SiteController->actionIndex()
#5 E:\yii-1.1.20.6ed384\framework\web\CController.php(308): CInlineAction->runWithParams(Array)
#6 E:\yii-1.1.20.6ed384\framework\web\CController.php(286): CController->runAction(Object(CInlineAction))
#7 E:\yii-1.1.20.6ed384\framework\web\CController.php(265): CController->runActionWithFilters(Object(CInlineAction), Array)
#8 E:\yii-1.1.20.6ed384\framework\web\CWebApplication.php(282): CController->run('')
#9 E:\yii-1.1.20.6ed384\framework\web\CWebApplication.php(141): CWebApplication->runController('')
#10 E:\yii-1.1.20.6ed384\framework\base\CApplication.php(185): CWebApplication->processRequest()
#11 C:\xampp\htdocs\PhpProject1\index.php(13): CApplication->run()
#12 {main}
REQUEST_URI=/PhpProject1/index.php
HTTP_REFERER=http://localhost/PhpProject1/index.php
---
2018/07/29 22:51:44 [error] [php] Array to string conversion (C:\xampp\htdocs\PhpProject1\protected\views\site\index.php:53)
Stack trace:
#0 E:\yii-1.1.20.6ed384\framework\web\CController.php(872): SiteController->renderFile()
#1 E:\yii-1.1.20.6ed384\framework\web\CController.php(785): SiteController->renderPartial()
#2 C:\xampp\htdocs\PhpProject1\protected\controllers\SiteController.php(32): SiteController->render()
#3 E:\yii-1.1.20.6ed384\framework\web\actions\CInlineAction.php(49): SiteController->actionIndex()
#4 E:\yii-1.1.20.6ed384\framework\web\CController.php(308): CInlineAction->runWithParams()
#5 E:\yii-1.1.20.6ed384\framework\web\CController.php(286): SiteController->runAction()
#6 E:\yii-1.1.20.6ed384\framework\web\CController.php(265): SiteController->runActionWithFilters()
#7 E:\yii-1.1.20.6ed384\framework\web\CWebApplication.php(282): SiteController->run()
#8 E:\yii-1.1.20.6ed384\framework\web\CWebApplication.php(141): CWebApplication->runController()
#9 E:\yii-1.1.20.6ed384\framework\base\CApplication.php(185): CWebApplication->processRequest()
#10 C:\xampp\htdocs\PhpProject1\index.php(13): CWebApplication->run()
REQUEST_URI=/PhpProject1/index.php
in C:\xampp\htdocs\PhpProject1\protected\views\site\index.php (53)
in C:\xampp\htdocs\PhpProject1\protected\controllers\SiteController.php (32)
in C:\xampp\htdocs\PhpProject1\index.php (13)
2018/07/29 22:51:58 [error] [php] Array to string conversion (C:\xampp\htdocs\PhpProject1\protected\views\site\index.php:61)
Stack trace:
#0 E:\yii-1.1.20.6ed384\framework\web\CController.php(872): SiteController->renderFile()
#1 E:\yii-1.1.20.6ed384\framework\web\CController.php(785): SiteController->renderPartial()
#2 C:\xampp\htdocs\PhpProject1\protected\controllers\SiteController.php(32): SiteController->render()
#3 E:\yii-1.1.20.6ed384\framework\web\actions\CInlineAction.php(49): SiteController->actionIndex()
#4 E:\yii-1.1.20.6ed384\framework\web\CController.php(308): CInlineAction->runWithParams()
#5 E:\yii-1.1.20.6ed384\framework\web\CController.php(286): SiteController->runAction()
#6 E:\yii-1.1.20.6ed384\framework\web\CController.php(265): SiteController->runActionWithFilters()
#7 E:\yii-1.1.20.6ed384\framework\web\CWebApplication.php(282): SiteController->run()
#8 E:\yii-1.1.20.6ed384\framework\web\CWebApplication.php(141): CWebApplication->runController()
#9 E:\yii-1.1.20.6ed384\framework\base\CApplication.php(185): CWebApplication->processRequest()
#10 C:\xampp\htdocs\PhpProject1\index.php(13): CWebApplication->run()
REQUEST_URI=/PhpProject1/index.php
in C:\xampp\htdocs\PhpProject1\protected\views\site\index.php (61)
in C:\xampp\htdocs\PhpProject1\protected\controllers\SiteController.php (32)
in C:\xampp\htdocs\PhpProject1\index.php (13)
2018/07/29 22:52:14 [error] [php] Array to string conversion (C:\xampp\htdocs\PhpProject1\protected\views\site\index.php:60)
Stack trace:
#0 E:\yii-1.1.20.6ed384\framework\web\CController.php(872): SiteController->renderFile()
#1 E:\yii-1.1.20.6ed384\framework\web\CController.php(785): SiteController->renderPartial()
#2 C:\xampp\htdocs\PhpProject1\protected\controllers\SiteController.php(32): SiteController->render()
#3 E:\yii-1.1.20.6ed384\framework\web\actions\CInlineAction.php(49): SiteController->actionIndex()
#4 E:\yii-1.1.20.6ed384\framework\web\CController.php(308): CInlineAction->runWithParams()
#5 E:\yii-1.1.20.6ed384\framework\web\CController.php(286): SiteController->runAction()
#6 E:\yii-1.1.20.6ed384\framework\web\CController.php(265): SiteController->runActionWithFilters()
#7 E:\yii-1.1.20.6ed384\framework\web\CWebApplication.php(282): SiteController->run()
#8 E:\yii-1.1.20.6ed384\framework\web\CWebApplication.php(141): CWebApplication->runController()
#9 E:\yii-1.1.20.6ed384\framework\base\CApplication.php(185): CWebApplication->processRequest()
#10 C:\xampp\htdocs\PhpProject1\index.php(13): CWebApplication->run()
REQUEST_URI=/PhpProject1/index.php
in C:\xampp\htdocs\PhpProject1\protected\views\site\index.php (60)
in C:\xampp\htdocs\PhpProject1\protected\controllers\SiteController.php (32)
in C:\xampp\htdocs\PhpProject1\index.php (13)
2018/07/29 22:52:37 [error] [php] Use of undefined constant length - assumed 'length' (this will throw an Error in a future version of PHP) (C:\xampp\htdocs\PhpProject1\protected\views\site\index.php:53)
Stack trace:
#0 E:\yii-1.1.20.6ed384\framework\web\CController.php(872): SiteController->renderFile()
#1 E:\yii-1.1.20.6ed384\framework\web\CController.php(785): SiteController->renderPartial()
#2 C:\xampp\htdocs\PhpProject1\protected\controllers\SiteController.php(32): SiteController->render()
#3 E:\yii-1.1.20.6ed384\framework\web\actions\CInlineAction.php(49): SiteController->actionIndex()
#4 E:\yii-1.1.20.6ed384\framework\web\CController.php(308): CInlineAction->runWithParams()
#5 E:\yii-1.1.20.6ed384\framework\web\CController.php(286): SiteController->runAction()
#6 E:\yii-1.1.20.6ed384\framework\web\CController.php(265): SiteController->runActionWithFilters()
#7 E:\yii-1.1.20.6ed384\framework\web\CWebApplication.php(282): SiteController->run()
#8 E:\yii-1.1.20.6ed384\framework\web\CWebApplication.php(141): CWebApplication->runController()
#9 E:\yii-1.1.20.6ed384\framework\base\CApplication.php(185): CWebApplication->processRequest()
#10 C:\xampp\htdocs\PhpProject1\index.php(13): CWebApplication->run()
REQUEST_URI=/PhpProject1/index.php
in C:\xampp\htdocs\PhpProject1\protected\views\site\index.php (53)
in C:\xampp\htdocs\PhpProject1\protected\controllers\SiteController.php (32)
in C:\xampp\htdocs\PhpProject1\index.php (13)
2018/07/29 22:52:48 [error] [php] Use of undefined constant size - assumed 'size' (this will throw an Error in a future version of PHP) (C:\xampp\htdocs\PhpProject1\protected\views\site\index.php:53)
Stack trace:
#0 E:\yii-1.1.20.6ed384\framework\web\CController.php(872): SiteController->renderFile()
#1 E:\yii-1.1.20.6ed384\framework\web\CController.php(785): SiteController->renderPartial()
#2 C:\xampp\htdocs\PhpProject1\protected\controllers\SiteController.php(32): SiteController->render()
#3 E:\yii-1.1.20.6ed384\framework\web\actions\CInlineAction.php(49): SiteController->actionIndex()
#4 E:\yii-1.1.20.6ed384\framework\web\CController.php(308): CInlineAction->runWithParams()
#5 E:\yii-1.1.20.6ed384\framework\web\CController.php(286): SiteController->runAction()
#6 E:\yii-1.1.20.6ed384\framework\web\CController.php(265): SiteController->runActionWithFilters()
#7 E:\yii-1.1.20.6ed384\framework\web\CWebApplication.php(282): SiteController->run()
#8 E:\yii-1.1.20.6ed384\framework\web\CWebApplication.php(141): CWebApplication->runController()
#9 E:\yii-1.1.20.6ed384\framework\base\CApplication.php(185): CWebApplication->processRequest()
#10 C:\xampp\htdocs\PhpProject1\index.php(13): CWebApplication->run()
REQUEST_URI=/PhpProject1/index.php
in C:\xampp\htdocs\PhpProject1\protected\views\site\index.php (53)
in C:\xampp\htdocs\PhpProject1\protected\controllers\SiteController.php (32)
in C:\xampp\htdocs\PhpProject1\index.php (13)
2018/07/29 22:52:54 [error] [php] Array to string conversion (C:\xampp\htdocs\PhpProject1\protected\views\site\index.php:60)
Stack trace:
#0 E:\yii-1.1.20.6ed384\framework\web\CController.php(872): SiteController->renderFile()
#1 E:\yii-1.1.20.6ed384\framework\web\CController.php(785): SiteController->renderPartial()
#2 C:\xampp\htdocs\PhpProject1\protected\controllers\SiteController.php(32): SiteController->render()
#3 E:\yii-1.1.20.6ed384\framework\web\actions\CInlineAction.php(49): SiteController->actionIndex()
#4 E:\yii-1.1.20.6ed384\framework\web\CController.php(308): CInlineAction->runWithParams()
#5 E:\yii-1.1.20.6ed384\framework\web\CController.php(286): SiteController->runAction()
#6 E:\yii-1.1.20.6ed384\framework\web\CController.php(265): SiteController->runActionWithFilters()
#7 E:\yii-1.1.20.6ed384\framework\web\CWebApplication.php(282): SiteController->run()
#8 E:\yii-1.1.20.6ed384\framework\web\CWebApplication.php(141): CWebApplication->runController()
#9 E:\yii-1.1.20.6ed384\framework\base\CApplication.php(185): CWebApplication->processRequest()
#10 C:\xampp\htdocs\PhpProject1\index.php(13): CWebApplication->run()
REQUEST_URI=/PhpProject1/index.php
in C:\xampp\htdocs\PhpProject1\protected\views\site\index.php (60)
in C:\xampp\htdocs\PhpProject1\protected\controllers\SiteController.php (32)
in C:\xampp\htdocs\PhpProject1\index.php (13)
2018/07/29 23:02:02 [error] [php] Invalid argument supplied for foreach() (C:\xampp\htdocs\PhpProject1\protected\views\site\index.php:59)
Stack trace:
#0 E:\yii-1.1.20.6ed384\framework\web\CController.php(872): SiteController->renderFile()
#1 E:\yii-1.1.20.6ed384\framework\web\CController.php(785): SiteController->renderPartial()
#2 C:\xampp\htdocs\PhpProject1\protected\controllers\SiteController.php(32): SiteController->render()
#3 E:\yii-1.1.20.6ed384\framework\web\actions\CInlineAction.php(49): SiteController->actionIndex()
#4 E:\yii-1.1.20.6ed384\framework\web\CController.php(308): CInlineAction->runWithParams()
#5 E:\yii-1.1.20.6ed384\framework\web\CController.php(286): SiteController->runAction()
#6 E:\yii-1.1.20.6ed384\framework\web\CController.php(265): SiteController->runActionWithFilters()
#7 E:\yii-1.1.20.6ed384\framework\web\CWebApplication.php(282): SiteController->run()
#8 E:\yii-1.1.20.6ed384\framework\web\CWebApplication.php(141): CWebApplication->runController()
#9 E:\yii-1.1.20.6ed384\framework\base\CApplication.php(185): CWebApplication->processRequest()
#10 C:\xampp\htdocs\PhpProject1\index.php(13): CWebApplication->run()
REQUEST_URI=/PhpProject1/index.php
in C:\xampp\htdocs\PhpProject1\protected\views\site\index.php (59)
in C:\xampp\htdocs\PhpProject1\protected\controllers\SiteController.php (32)
in C:\xampp\htdocs\PhpProject1\index.php (13)
2018/07/29 23:15:23 [error] [php] Undefined variable: stringJson (C:\xampp\htdocs\PhpProject1\protected\views\site\index.php:63)
Stack trace:
#0 E:\yii-1.1.20.6ed384\framework\web\CController.php(872): SiteController->renderFile()
#1 E:\yii-1.1.20.6ed384\framework\web\CController.php(785): SiteController->renderPartial()
#2 C:\xampp\htdocs\PhpProject1\protected\controllers\SiteController.php(32): SiteController->render()
#3 E:\yii-1.1.20.6ed384\framework\web\actions\CInlineAction.php(49): SiteController->actionIndex()
#4 E:\yii-1.1.20.6ed384\framework\web\CController.php(308): CInlineAction->runWithParams()
#5 E:\yii-1.1.20.6ed384\framework\web\CController.php(286): SiteController->runAction()
#6 E:\yii-1.1.20.6ed384\framework\web\CController.php(265): SiteController->runActionWithFilters()
#7 E:\yii-1.1.20.6ed384\framework\web\CWebApplication.php(282): SiteController->run()
#8 E:\yii-1.1.20.6ed384\framework\web\CWebApplication.php(141): CWebApplication->runController()
#9 E:\yii-1.1.20.6ed384\framework\base\CApplication.php(185): CWebApplication->processRequest()
#10 C:\xampp\htdocs\PhpProject1\index.php(13): CWebApplication->run()
REQUEST_URI=/PhpProject1/index.php
in C:\xampp\htdocs\PhpProject1\protected\views\site\index.php (63)
in C:\xampp\htdocs\PhpProject1\protected\controllers\SiteController.php (32)
in C:\xampp\htdocs\PhpProject1\index.php (13)
2018/07/29 23:16:56 [error] [exception.ParseError] ParseError: syntax error, unexpected end of file in C:\xampp\htdocs\PhpProject1\protected\views\site\index.php:90
Stack trace:
#0 E:\yii-1.1.20.6ed384\framework\web\CBaseController.php(95): CBaseController->renderInternal('C:\\xampp\\htdocs...', NULL, true)
#1 E:\yii-1.1.20.6ed384\framework\web\CController.php(872): CBaseController->renderFile('C:\\xampp\\htdocs...', NULL, true)
#2 E:\yii-1.1.20.6ed384\framework\web\CController.php(785): CController->renderPartial('index', NULL, true)
#3 C:\xampp\htdocs\PhpProject1\protected\controllers\SiteController.php(32): CController->render('index')
#4 E:\yii-1.1.20.6ed384\framework\web\actions\CInlineAction.php(49): SiteController->actionIndex()
#5 E:\yii-1.1.20.6ed384\framework\web\CController.php(308): CInlineAction->runWithParams(Array)
#6 E:\yii-1.1.20.6ed384\framework\web\CController.php(286): CController->runAction(Object(CInlineAction))
#7 E:\yii-1.1.20.6ed384\framework\web\CController.php(265): CController->runActionWithFilters(Object(CInlineAction), Array)
#8 E:\yii-1.1.20.6ed384\framework\web\CWebApplication.php(282): CController->run('')
#9 E:\yii-1.1.20.6ed384\framework\web\CWebApplication.php(141): CWebApplication->runController('')
#10 E:\yii-1.1.20.6ed384\framework\base\CApplication.php(185): CWebApplication->processRequest()
#11 C:\xampp\htdocs\PhpProject1\index.php(13): CApplication->run()
#12 {main}
REQUEST_URI=/PhpProject1/index.php
HTTP_REFERER=http://localhost/PhpProject1/index.php
---
2018/07/29 23:17:12 [error] [exception.ParseError] ParseError: syntax error, unexpected end of file in C:\xampp\htdocs\PhpProject1\protected\views\site\index.php:89
Stack trace:
#0 E:\yii-1.1.20.6ed384\framework\web\CBaseController.php(95): CBaseController->renderInternal('C:\\xampp\\htdocs...', NULL, true)
#1 E:\yii-1.1.20.6ed384\framework\web\CController.php(872): CBaseController->renderFile('C:\\xampp\\htdocs...', NULL, true)
#2 E:\yii-1.1.20.6ed384\framework\web\CController.php(785): CController->renderPartial('index', NULL, true)
#3 C:\xampp\htdocs\PhpProject1\protected\controllers\SiteController.php(32): CController->render('index')
#4 E:\yii-1.1.20.6ed384\framework\web\actions\CInlineAction.php(49): SiteController->actionIndex()
#5 E:\yii-1.1.20.6ed384\framework\web\CController.php(308): CInlineAction->runWithParams(Array)
#6 E:\yii-1.1.20.6ed384\framework\web\CController.php(286): CController->runAction(Object(CInlineAction))
#7 E:\yii-1.1.20.6ed384\framework\web\CController.php(265): CController->runActionWithFilters(Object(CInlineAction), Array)
#8 E:\yii-1.1.20.6ed384\framework\web\CWebApplication.php(282): CController->run('')
#9 E:\yii-1.1.20.6ed384\framework\web\CWebApplication.php(141): CWebApplication->runController('')
#10 E:\yii-1.1.20.6ed384\framework\base\CApplication.php(185): CWebApplication->processRequest()
#11 C:\xampp\htdocs\PhpProject1\index.php(13): CApplication->run()
#12 {main}
REQUEST_URI=/PhpProject1/index.php
HTTP_REFERER=http://localhost/PhpProject1/index.php
---
2018/07/29 23:23:35 [error] [php] preg_replace(): Delimiter must not be alphanumeric or backslash (C:\xampp\htdocs\PhpProject1\protected\views\site\index.php:51)
Stack trace:
#0 E:\yii-1.1.20.6ed384\framework\web\CBaseController.php(95): SiteController->renderInternal()
#1 E:\yii-1.1.20.6ed384\framework\web\CController.php(872): SiteController->renderFile()
#2 E:\yii-1.1.20.6ed384\framework\web\CController.php(785): SiteController->renderPartial()
#3 C:\xampp\htdocs\PhpProject1\protected\controllers\SiteController.php(32): SiteController->render()
#4 E:\yii-1.1.20.6ed384\framework\web\actions\CInlineAction.php(49): SiteController->actionIndex()
#5 E:\yii-1.1.20.6ed384\framework\web\CController.php(308): CInlineAction->runWithParams()
#6 E:\yii-1.1.20.6ed384\framework\web\CController.php(286): SiteController->runAction()
#7 E:\yii-1.1.20.6ed384\framework\web\CController.php(265): SiteController->runActionWithFilters()
#8 E:\yii-1.1.20.6ed384\framework\web\CWebApplication.php(282): SiteController->run()
#9 E:\yii-1.1.20.6ed384\framework\web\CWebApplication.php(141): CWebApplication->runController()
#10 E:\yii-1.1.20.6ed384\framework\base\CApplication.php(185): CWebApplication->processRequest()
#11 C:\xampp\htdocs\PhpProject1\index.php(13): CWebApplication->run()
REQUEST_URI=/PhpProject1/index.php
in C:\xampp\htdocs\PhpProject1\protected\views\site\index.php (51)
in C:\xampp\htdocs\PhpProject1\protected\controllers\SiteController.php (32)
in C:\xampp\htdocs\PhpProject1\index.php (13)
2018/07/29 23:23:46 [error] [php] preg_replace(): Delimiter must not be alphanumeric or backslash (C:\xampp\htdocs\PhpProject1\protected\views\site\index.php:51)
Stack trace:
#0 E:\yii-1.1.20.6ed384\framework\web\CBaseController.php(95): SiteController->renderInternal()
#1 E:\yii-1.1.20.6ed384\framework\web\CController.php(872): SiteController->renderFile()
#2 E:\yii-1.1.20.6ed384\framework\web\CController.php(785): SiteController->renderPartial()
#3 C:\xampp\htdocs\PhpProject1\protected\controllers\SiteController.php(32): SiteController->render()
#4 E:\yii-1.1.20.6ed384\framework\web\actions\CInlineAction.php(49): SiteController->actionIndex()
#5 E:\yii-1.1.20.6ed384\framework\web\CController.php(308): CInlineAction->runWithParams()
#6 E:\yii-1.1.20.6ed384\framework\web\CController.php(286): SiteController->runAction()
#7 E:\yii-1.1.20.6ed384\framework\web\CController.php(265): SiteController->runActionWithFilters()
#8 E:\yii-1.1.20.6ed384\framework\web\CWebApplication.php(282): SiteController->run()
#9 E:\yii-1.1.20.6ed384\framework\web\CWebApplication.php(141): CWebApplication->runController()
#10 E:\yii-1.1.20.6ed384\framework\base\CApplication.php(185): CWebApplication->processRequest()
#11 C:\xampp\htdocs\PhpProject1\index.php(13): CWebApplication->run()
REQUEST_URI=/PhpProject1/index.php
in C:\xampp\htdocs\PhpProject1\protected\views\site\index.php (51)
in C:\xampp\htdocs\PhpProject1\protected\controllers\SiteController.php (32)
in C:\xampp\htdocs\PhpProject1\index.php (13)
2018/07/29 23:24:01 [error] [php] preg_replace(): No ending delimiter ''' found (C:\xampp\htdocs\PhpProject1\protected\views\site\index.php:51)
Stack trace:
#0 E:\yii-1.1.20.6ed384\framework\web\CBaseController.php(95): SiteController->renderInternal()
#1 E:\yii-1.1.20.6ed384\framework\web\CController.php(872): SiteController->renderFile()
#2 E:\yii-1.1.20.6ed384\framework\web\CController.php(785): SiteController->renderPartial()
#3 C:\xampp\htdocs\PhpProject1\protected\controllers\SiteController.php(32): SiteController->render()
#4 E:\yii-1.1.20.6ed384\framework\web\actions\CInlineAction.php(49): SiteController->actionIndex()
#5 E:\yii-1.1.20.6ed384\framework\web\CController.php(308): CInlineAction->runWithParams()
#6 E:\yii-1.1.20.6ed384\framework\web\CController.php(286): SiteController->runAction()
#7 E:\yii-1.1.20.6ed384\framework\web\CController.php(265): SiteController->runActionWithFilters()
#8 E:\yii-1.1.20.6ed384\framework\web\CWebApplication.php(282): SiteController->run()
#9 E:\yii-1.1.20.6ed384\framework\web\CWebApplication.php(141): CWebApplication->runController()
#10 E:\yii-1.1.20.6ed384\framework\base\CApplication.php(185): CWebApplication->processRequest()
#11 C:\xampp\htdocs\PhpProject1\index.php(13): CWebApplication->run()
REQUEST_URI=/PhpProject1/index.php
in C:\xampp\htdocs\PhpProject1\protected\views\site\index.php (51)
in C:\xampp\htdocs\PhpProject1\protected\controllers\SiteController.php (32)
in C:\xampp\htdocs\PhpProject1\index.php (13)
2018/07/30 01:56:09 [error] [php] Undefined variable: stringJson (C:\xampp\htdocs\PhpProject1\protected\views\site\index.php:74)
Stack trace:
#0 E:\yii-1.1.20.6ed384\framework\web\CController.php(872): SiteController->renderFile()
#1 E:\yii-1.1.20.6ed384\framework\web\CController.php(785): SiteController->renderPartial()
#2 C:\xampp\htdocs\PhpProject1\protected\controllers\SiteController.php(32): SiteController->render()
#3 E:\yii-1.1.20.6ed384\framework\web\actions\CInlineAction.php(49): SiteController->actionIndex()
#4 E:\yii-1.1.20.6ed384\framework\web\CController.php(308): CInlineAction->runWithParams()
#5 E:\yii-1.1.20.6ed384\framework\web\CController.php(286): SiteController->runAction()
#6 E:\yii-1.1.20.6ed384\framework\web\CController.php(265): SiteController->runActionWithFilters()
#7 E:\yii-1.1.20.6ed384\framework\web\CWebApplication.php(282): SiteController->run()
#8 E:\yii-1.1.20.6ed384\framework\web\CWebApplication.php(141): CWebApplication->runController()
#9 E:\yii-1.1.20.6ed384\framework\base\CApplication.php(185): CWebApplication->processRequest()
#10 C:\xampp\htdocs\PhpProject1\index.php(13): CWebApplication->run()
REQUEST_URI=/PhpProject1/index.php
in C:\xampp\htdocs\PhpProject1\protected\views\site\index.php (74)
in C:\xampp\htdocs\PhpProject1\protected\controllers\SiteController.php (32)
in C:\xampp\htdocs\PhpProject1\index.php (13)
2018/07/30 02:10:35 [error] [php] Trying to get property 'trends' of non-object (C:\xampp\htdocs\PhpProject1\protected\views\site\index.php:65)
Stack trace:
#0 E:\yii-1.1.20.6ed384\framework\web\CController.php(872): SiteController->renderFile()
#1 E:\yii-1.1.20.6ed384\framework\web\CController.php(785): SiteController->renderPartial()
#2 C:\xampp\htdocs\PhpProject1\protected\controllers\SiteController.php(32): SiteController->render()
#3 E:\yii-1.1.20.6ed384\framework\web\actions\CInlineAction.php(49): SiteController->actionIndex()
#4 E:\yii-1.1.20.6ed384\framework\web\CController.php(308): CInlineAction->runWithParams()
#5 E:\yii-1.1.20.6ed384\framework\web\CController.php(286): SiteController->runAction()
#6 E:\yii-1.1.20.6ed384\framework\web\CController.php(265): SiteController->runActionWithFilters()
#7 E:\yii-1.1.20.6ed384\framework\web\CWebApplication.php(282): SiteController->run()
#8 E:\yii-1.1.20.6ed384\framework\web\CWebApplication.php(141): CWebApplication->runController()
#9 E:\yii-1.1.20.6ed384\framework\base\CApplication.php(185): CWebApplication->processRequest()
#10 C:\xampp\htdocs\PhpProject1\index.php(13): CWebApplication->run()
REQUEST_URI=/PhpProject1/index.php
in C:\xampp\htdocs\PhpProject1\protected\views\site\index.php (65)
in C:\xampp\htdocs\PhpProject1\protected\controllers\SiteController.php (32)
in C:\xampp\htdocs\PhpProject1\index.php (13)
2018/07/30 02:13:05 [error] [php] Trying to get property 'trends' of non-object (C:\xampp\htdocs\PhpProject1\protected\views\site\index.php:65)
Stack trace:
#0 E:\yii-1.1.20.6ed384\framework\web\CController.php(872): SiteController->renderFile()
#1 E:\yii-1.1.20.6ed384\framework\web\CController.php(785): SiteController->renderPartial()
#2 C:\xampp\htdocs\PhpProject1\protected\controllers\SiteController.php(32): SiteController->render()
#3 E:\yii-1.1.20.6ed384\framework\web\actions\CInlineAction.php(49): SiteController->actionIndex()
#4 E:\yii-1.1.20.6ed384\framework\web\CController.php(308): CInlineAction->runWithParams()
#5 E:\yii-1.1.20.6ed384\framework\web\CController.php(286): SiteController->runAction()
#6 E:\yii-1.1.20.6ed384\framework\web\CController.php(265): SiteController->runActionWithFilters()
#7 E:\yii-1.1.20.6ed384\framework\web\CWebApplication.php(282): SiteController->run()
#8 E:\yii-1.1.20.6ed384\framework\web\CWebApplication.php(141): CWebApplication->runController()
#9 E:\yii-1.1.20.6ed384\framework\base\CApplication.php(185): CWebApplication->processRequest()
#10 C:\xampp\htdocs\PhpProject1\index.php(13): CWebApplication->run()
REQUEST_URI=/PhpProject1/index.php
in C:\xampp\htdocs\PhpProject1\protected\views\site\index.php (65)
in C:\xampp\htdocs\PhpProject1\protected\controllers\SiteController.php (32)
in C:\xampp\htdocs\PhpProject1\index.php (13)
2018/07/30 02:13:43 [error] [php] Array to string conversion (C:\xampp\htdocs\PhpProject1\protected\views\site\index.php:65)
Stack trace:
#0 E:\yii-1.1.20.6ed384\framework\web\CController.php(872): SiteController->renderFile()
#1 E:\yii-1.1.20.6ed384\framework\web\CController.php(785): SiteController->renderPartial()
#2 C:\xampp\htdocs\PhpProject1\protected\controllers\SiteController.php(32): SiteController->render()
#3 E:\yii-1.1.20.6ed384\framework\web\actions\CInlineAction.php(49): SiteController->actionIndex()
#4 E:\yii-1.1.20.6ed384\framework\web\CController.php(308): CInlineAction->runWithParams()
#5 E:\yii-1.1.20.6ed384\framework\web\CController.php(286): SiteController->runAction()
#6 E:\yii-1.1.20.6ed384\framework\web\CController.php(265): SiteController->runActionWithFilters()
#7 E:\yii-1.1.20.6ed384\framework\web\CWebApplication.php(282): SiteController->run()
#8 E:\yii-1.1.20.6ed384\framework\web\CWebApplication.php(141): CWebApplication->runController()
#9 E:\yii-1.1.20.6ed384\framework\base\CApplication.php(185): CWebApplication->processRequest()
#10 C:\xampp\htdocs\PhpProject1\index.php(13): CWebApplication->run()
REQUEST_URI=/PhpProject1/index.php
in C:\xampp\htdocs\PhpProject1\protected\views\site\index.php (65)
in C:\xampp\htdocs\PhpProject1\protected\controllers\SiteController.php (32)
in C:\xampp\htdocs\PhpProject1\index.php (13)
2018/07/30 02:14:50 [error] [php] Undefined property: stdClass::$nome (C:\xampp\htdocs\PhpProject1\protected\views\site\index.php:68)
Stack trace:
#0 E:\yii-1.1.20.6ed384\framework\web\CController.php(872): SiteController->renderFile()
#1 E:\yii-1.1.20.6ed384\framework\web\CController.php(785): SiteController->renderPartial()
#2 C:\xampp\htdocs\PhpProject1\protected\controllers\SiteController.php(32): SiteController->render()
#3 E:\yii-1.1.20.6ed384\framework\web\actions\CInlineAction.php(49): SiteController->actionIndex()
#4 E:\yii-1.1.20.6ed384\framework\web\CController.php(308): CInlineAction->runWithParams()
#5 E:\yii-1.1.20.6ed384\framework\web\CController.php(286): SiteController->runAction()
#6 E:\yii-1.1.20.6ed384\framework\web\CController.php(265): SiteController->runActionWithFilters()
#7 E:\yii-1.1.20.6ed384\framework\web\CWebApplication.php(282): SiteController->run()
#8 E:\yii-1.1.20.6ed384\framework\web\CWebApplication.php(141): CWebApplication->runController()
#9 E:\yii-1.1.20.6ed384\framework\base\CApplication.php(185): CWebApplication->processRequest()
#10 C:\xampp\htdocs\PhpProject1\index.php(13): CWebApplication->run()
REQUEST_URI=/PhpProject1/index.php
in C:\xampp\htdocs\PhpProject1\protected\views\site\index.php (68)
in C:\xampp\htdocs\PhpProject1\protected\controllers\SiteController.php (32)
in C:\xampp\htdocs\PhpProject1\index.php (13)
2018/07/30 02:15:10 [error] [php] Undefined property: stdClass::$name (C:\xampp\htdocs\PhpProject1\protected\views\site\index.php:68)
Stack trace:
#0 E:\yii-1.1.20.6ed384\framework\web\CController.php(872): SiteController->renderFile()
#1 E:\yii-1.1.20.6ed384\framework\web\CController.php(785): SiteController->renderPartial()
#2 C:\xampp\htdocs\PhpProject1\protected\controllers\SiteController.php(32): SiteController->render()
#3 E:\yii-1.1.20.6ed384\framework\web\actions\CInlineAction.php(49): SiteController->actionIndex()
#4 E:\yii-1.1.20.6ed384\framework\web\CController.php(308): CInlineAction->runWithParams()
#5 E:\yii-1.1.20.6ed384\framework\web\CController.php(286): SiteController->runAction()
#6 E:\yii-1.1.20.6ed384\framework\web\CController.php(265): SiteController->runActionWithFilters()
#7 E:\yii-1.1.20.6ed384\framework\web\CWebApplication.php(282): SiteController->run()
#8 E:\yii-1.1.20.6ed384\framework\web\CWebApplication.php(141): CWebApplication->runController()
#9 E:\yii-1.1.20.6ed384\framework\base\CApplication.php(185): CWebApplication->processRequest()
#10 C:\xampp\htdocs\PhpProject1\index.php(13): CWebApplication->run()
REQUEST_URI=/PhpProject1/index.php
in C:\xampp\htdocs\PhpProject1\protected\views\site\index.php (68)
in C:\xampp\htdocs\PhpProject1\protected\controllers\SiteController.php (32)
in C:\xampp\htdocs\PhpProject1\index.php (13)
2018/07/30 02:15:48 [error] [php] Trying to get property 'name' of non-object (C:\xampp\htdocs\PhpProject1\protected\views\site\index.php:69)
Stack trace:
#0 E:\yii-1.1.20.6ed384\framework\web\CController.php(872): SiteController->renderFile()
#1 E:\yii-1.1.20.6ed384\framework\web\CController.php(785): SiteController->renderPartial()
#2 C:\xampp\htdocs\PhpProject1\protected\controllers\SiteController.php(32): SiteController->render()
#3 E:\yii-1.1.20.6ed384\framework\web\actions\CInlineAction.php(49): SiteController->actionIndex()
#4 E:\yii-1.1.20.6ed384\framework\web\CController.php(308): CInlineAction->runWithParams()
#5 E:\yii-1.1.20.6ed384\framework\web\CController.php(286): SiteController->runAction()
#6 E:\yii-1.1.20.6ed384\framework\web\CController.php(265): SiteController->runActionWithFilters()
#7 E:\yii-1.1.20.6ed384\framework\web\CWebApplication.php(282): SiteController->run()
#8 E:\yii-1.1.20.6ed384\framework\web\CWebApplication.php(141): CWebApplication->runController()
#9 E:\yii-1.1.20.6ed384\framework\base\CApplication.php(185): CWebApplication->processRequest()
#10 C:\xampp\htdocs\PhpProject1\index.php(13): CWebApplication->run()
REQUEST_URI=/PhpProject1/index.php
in C:\xampp\htdocs\PhpProject1\protected\views\site\index.php (69)
in C:\xampp\htdocs\PhpProject1\protected\controllers\SiteController.php (32)
in C:\xampp\htdocs\PhpProject1\index.php (13)
2018/07/30 02:17:08 [error] [php] Undefined property: stdClass::$name (C:\xampp\htdocs\PhpProject1\protected\views\site\index.php:68)
Stack trace:
#0 E:\yii-1.1.20.6ed384\framework\web\CController.php(872): SiteController->renderFile()
#1 E:\yii-1.1.20.6ed384\framework\web\CController.php(785): SiteController->renderPartial()
#2 C:\xampp\htdocs\PhpProject1\protected\controllers\SiteController.php(32): SiteController->render()
#3 E:\yii-1.1.20.6ed384\framework\web\actions\CInlineAction.php(49): SiteController->actionIndex()
#4 E:\yii-1.1.20.6ed384\framework\web\CController.php(308): CInlineAction->runWithParams()
#5 E:\yii-1.1.20.6ed384\framework\web\CController.php(286): SiteController->runAction()
#6 E:\yii-1.1.20.6ed384\framework\web\CController.php(265): SiteController->runActionWithFilters()
#7 E:\yii-1.1.20.6ed384\framework\web\CWebApplication.php(282): SiteController->run()
#8 E:\yii-1.1.20.6ed384\framework\web\CWebApplication.php(141): CWebApplication->runController()
#9 E:\yii-1.1.20.6ed384\framework\base\CApplication.php(185): CWebApplication->processRequest()
#10 C:\xampp\htdocs\PhpProject1\index.php(13): CWebApplication->run()
REQUEST_URI=/PhpProject1/index.php
in C:\xampp\htdocs\PhpProject1\protected\views\site\index.php (68)
in C:\xampp\htdocs\PhpProject1\protected\controllers\SiteController.php (32)
in C:\xampp\htdocs\PhpProject1\index.php (13)
2018/07/30 02:21:49 [error] [php] Undefined variable: i (C:\xampp\htdocs\PhpProject1\protected\views\site\index.php:60)
Stack trace:
#0 E:\yii-1.1.20.6ed384\framework\web\CController.php(872): SiteController->renderFile()
#1 E:\yii-1.1.20.6ed384\framework\web\CController.php(785): SiteController->renderPartial()
#2 C:\xampp\htdocs\PhpProject1\protected\controllers\SiteController.php(32): SiteController->render()
#3 E:\yii-1.1.20.6ed384\framework\web\actions\CInlineAction.php(49): SiteController->actionIndex()
#4 E:\yii-1.1.20.6ed384\framework\web\CController.php(308): CInlineAction->runWithParams()
#5 E:\yii-1.1.20.6ed384\framework\web\CController.php(286): SiteController->runAction()
#6 E:\yii-1.1.20.6ed384\framework\web\CController.php(265): SiteController->runActionWithFilters()
#7 E:\yii-1.1.20.6ed384\framework\web\CWebApplication.php(282): SiteController->run()
#8 E:\yii-1.1.20.6ed384\framework\web\CWebApplication.php(141): CWebApplication->runController()
#9 E:\yii-1.1.20.6ed384\framework\base\CApplication.php(185): CWebApplication->processRequest()
#10 C:\xampp\htdocs\PhpProject1\index.php(13): CWebApplication->run()
REQUEST_URI=/PhpProject1/index.php
in C:\xampp\htdocs\PhpProject1\protected\views\site\index.php (60)
in C:\xampp\htdocs\PhpProject1\protected\controllers\SiteController.php (32)
in C:\xampp\htdocs\PhpProject1\index.php (13)
2018/07/30 02:43:25 [error] [php] file_get_contents(history.txt): failed to open stream: No such file or directory (C:\xampp\htdocs\PhpProject1\protected\views\site\index.php:69)
Stack trace:
#0 E:\yii-1.1.20.6ed384\framework\web\CBaseController.php(95): SiteController->renderInternal()
#1 E:\yii-1.1.20.6ed384\framework\web\CController.php(872): SiteController->renderFile()
#2 E:\yii-1.1.20.6ed384\framework\web\CController.php(785): SiteController->renderPartial()
#3 C:\xampp\htdocs\PhpProject1\protected\controllers\SiteController.php(32): SiteController->render()
#4 E:\yii-1.1.20.6ed384\framework\web\actions\CInlineAction.php(49): SiteController->actionIndex()
#5 E:\yii-1.1.20.6ed384\framework\web\CController.php(308): CInlineAction->runWithParams()
#6 E:\yii-1.1.20.6ed384\framework\web\CController.php(286): SiteController->runAction()
#7 E:\yii-1.1.20.6ed384\framework\web\CController.php(265): SiteController->runActionWithFilters()
#8 E:\yii-1.1.20.6ed384\framework\web\CWebApplication.php(282): SiteController->run()
#9 E:\yii-1.1.20.6ed384\framework\web\CWebApplication.php(141): CWebApplication->runController()
#10 E:\yii-1.1.20.6ed384\framework\base\CApplication.php(185): CWebApplication->processRequest()
#11 C:\xampp\htdocs\PhpProject1\index.php(13): CWebApplication->run()
REQUEST_URI=/PhpProject1/
in C:\xampp\htdocs\PhpProject1\protected\views\site\index.php (69)
in C:\xampp\htdocs\PhpProject1\protected\controllers\SiteController.php (32)
in C:\xampp\htdocs\PhpProject1\index.php (13)
2018/07/30 02:44:28 [error] [php] Array to string conversion (C:\xampp\htdocs\PhpProject1\protected\views\site\index.php:76)
Stack trace:
#0 E:\yii-1.1.20.6ed384\framework\web\CController.php(872): SiteController->renderFile()
#1 E:\yii-1.1.20.6ed384\framework\web\CController.php(785): SiteController->renderPartial()
#2 C:\xampp\htdocs\PhpProject1\protected\controllers\SiteController.php(32): SiteController->render()
#3 E:\yii-1.1.20.6ed384\framework\web\actions\CInlineAction.php(49): SiteController->actionIndex()
#4 E:\yii-1.1.20.6ed384\framework\web\CController.php(308): CInlineAction->runWithParams()
#5 E:\yii-1.1.20.6ed384\framework\web\CController.php(286): SiteController->runAction()
#6 E:\yii-1.1.20.6ed384\framework\web\CController.php(265): SiteController->runActionWithFilters()
#7 E:\yii-1.1.20.6ed384\framework\web\CWebApplication.php(282): SiteController->run()
#8 E:\yii-1.1.20.6ed384\framework\web\CWebApplication.php(141): CWebApplication->runController()
#9 E:\yii-1.1.20.6ed384\framework\base\CApplication.php(185): CWebApplication->processRequest()
#10 C:\xampp\htdocs\PhpProject1\index.php(13): CWebApplication->run()
REQUEST_URI=/PhpProject1/
in C:\xampp\htdocs\PhpProject1\protected\views\site\index.php (76)
in C:\xampp\htdocs\PhpProject1\protected\controllers\SiteController.php (32)
in C:\xampp\htdocs\PhpProject1\index.php (13)
2018/07/30 02:44:48 [error] [php] Use of undefined constant length - assumed 'length' (this will throw an Error in a future version of PHP) (C:\xampp\htdocs\PhpProject1\protected\views\site\index.php:76)
Stack trace:
#0 E:\yii-1.1.20.6ed384\framework\web\CController.php(872): SiteController->renderFile()
#1 E:\yii-1.1.20.6ed384\framework\web\CController.php(785): SiteController->renderPartial()
#2 C:\xampp\htdocs\PhpProject1\protected\controllers\SiteController.php(32): SiteController->render()
#3 E:\yii-1.1.20.6ed384\framework\web\actions\CInlineAction.php(49): SiteController->actionIndex()
#4 E:\yii-1.1.20.6ed384\framework\web\CController.php(308): CInlineAction->runWithParams()
#5 E:\yii-1.1.20.6ed384\framework\web\CController.php(286): SiteController->runAction()
#6 E:\yii-1.1.20.6ed384\framework\web\CController.php(265): SiteController->runActionWithFilters()
#7 E:\yii-1.1.20.6ed384\framework\web\CWebApplication.php(282): SiteController->run()
#8 E:\yii-1.1.20.6ed384\framework\web\CWebApplication.php(141): CWebApplication->runController()
#9 E:\yii-1.1.20.6ed384\framework\base\CApplication.php(185): CWebApplication->processRequest()
#10 C:\xampp\htdocs\PhpProject1\index.php(13): CWebApplication->run()
REQUEST_URI=/PhpProject1/
in C:\xampp\htdocs\PhpProject1\protected\views\site\index.php (76)
in C:\xampp\htdocs\PhpProject1\protected\controllers\SiteController.php (32)
in C:\xampp\htdocs\PhpProject1\index.php (13)
2018/07/30 02:45:21 [error] [php] count() expects at least 1 parameter, 0 given (C:\xampp\htdocs\PhpProject1\protected\views\site\index.php:76)
Stack trace:
#0 E:\yii-1.1.20.6ed384\framework\web\CBaseController.php(95): SiteController->renderInternal()
#1 E:\yii-1.1.20.6ed384\framework\web\CController.php(872): SiteController->renderFile()
#2 E:\yii-1.1.20.6ed384\framework\web\CController.php(785): SiteController->renderPartial()
#3 C:\xampp\htdocs\PhpProject1\protected\controllers\SiteController.php(32): SiteController->render()
#4 E:\yii-1.1.20.6ed384\framework\web\actions\CInlineAction.php(49): SiteController->actionIndex()
#5 E:\yii-1.1.20.6ed384\framework\web\CController.php(308): CInlineAction->runWithParams()
#6 E:\yii-1.1.20.6ed384\framework\web\CController.php(286): SiteController->runAction()
#7 E:\yii-1.1.20.6ed384\framework\web\CController.php(265): SiteController->runActionWithFilters()
#8 E:\yii-1.1.20.6ed384\framework\web\CWebApplication.php(282): SiteController->run()
#9 E:\yii-1.1.20.6ed384\framework\web\CWebApplication.php(141): CWebApplication->runController()
#10 E:\yii-1.1.20.6ed384\framework\base\CApplication.php(185): CWebApplication->processRequest()
#11 C:\xampp\htdocs\PhpProject1\index.php(13): CWebApplication->run()
REQUEST_URI=/PhpProject1/
in C:\xampp\htdocs\PhpProject1\protected\views\site\index.php (76)
in C:\xampp\htdocs\PhpProject1\protected\controllers\SiteController.php (32)
in C:\xampp\htdocs\PhpProject1\index.php (13)
2018/07/30 02:56:39 [error] [php] Undefined variable: array (C:\xampp\htdocs\PhpProject1\protected\views\site\index.php:78)
Stack trace:
#0 E:\yii-1.1.20.6ed384\framework\web\CController.php(872): SiteController->renderFile()
#1 E:\yii-1.1.20.6ed384\framework\web\CController.php(785): SiteController->renderPartial()
#2 C:\xampp\htdocs\PhpProject1\protected\controllers\SiteController.php(32): SiteController->render()
#3 E:\yii-1.1.20.6ed384\framework\web\actions\CInlineAction.php(49): SiteController->actionIndex()
#4 E:\yii-1.1.20.6ed384\framework\web\CController.php(308): CInlineAction->runWithParams()
#5 E:\yii-1.1.20.6ed384\framework\web\CController.php(286): SiteController->runAction()
#6 E:\yii-1.1.20.6ed384\framework\web\CController.php(265): SiteController->runActionWithFilters()
#7 E:\yii-1.1.20.6ed384\framework\web\CWebApplication.php(282): SiteController->run()
#8 E:\yii-1.1.20.6ed384\framework\web\CWebApplication.php(141): CWebApplication->runController()
#9 E:\yii-1.1.20.6ed384\framework\base\CApplication.php(185): CWebApplication->processRequest()
#10 C:\xampp\htdocs\PhpProject1\index.php(13): CWebApplication->run()
REQUEST_URI=/PhpProject1/
in C:\xampp\htdocs\PhpProject1\protected\views\site\index.php (78)
in C:\xampp\htdocs\PhpProject1\protected\controllers\SiteController.php (32)
in C:\xampp\htdocs\PhpProject1\index.php (13)
2018/07/30 02:57:24 [error] [php] Undefined variable: history (C:\xampp\htdocs\PhpProject1\protected\views\site\index.php:101)
Stack trace:
#0 E:\yii-1.1.20.6ed384\framework\web\CController.php(872): SiteController->renderFile()
#1 E:\yii-1.1.20.6ed384\framework\web\CController.php(785): SiteController->renderPartial()
#2 C:\xampp\htdocs\PhpProject1\protected\controllers\SiteController.php(32): SiteController->render()
#3 E:\yii-1.1.20.6ed384\framework\web\actions\CInlineAction.php(49): SiteController->actionIndex()
#4 E:\yii-1.1.20.6ed384\framework\web\CController.php(308): CInlineAction->runWithParams()
#5 E:\yii-1.1.20.6ed384\framework\web\CController.php(286): SiteController->runAction()
#6 E:\yii-1.1.20.6ed384\framework\web\CController.php(265): SiteController->runActionWithFilters()
#7 E:\yii-1.1.20.6ed384\framework\web\CWebApplication.php(282): SiteController->run()
#8 E:\yii-1.1.20.6ed384\framework\web\CWebApplication.php(141): CWebApplication->runController()
#9 E:\yii-1.1.20.6ed384\framework\base\CApplication.php(185): CWebApplication->processRequest()
#10 C:\xampp\htdocs\PhpProject1\index.php(13): CWebApplication->run()
REQUEST_URI=/PhpProject1/
in C:\xampp\htdocs\PhpProject1\protected\views\site\index.php (101)
in C:\xampp\htdocs\PhpProject1\protected\controllers\SiteController.php (32)
in C:\xampp\htdocs\PhpProject1\index.php (13)
2018/07/30 03:11:08 [error] [php] Undefined property: stdClass::$statuses (C:\xampp\htdocs\PhpProject1\protected\views\site\index.php:55)
Stack trace:
#0 E:\yii-1.1.20.6ed384\framework\web\CController.php(872): SiteController->renderFile()
#1 E:\yii-1.1.20.6ed384\framework\web\CController.php(785): SiteController->renderPartial()
#2 C:\xampp\htdocs\PhpProject1\protected\controllers\SiteController.php(32): SiteController->render()
#3 E:\yii-1.1.20.6ed384\framework\web\actions\CInlineAction.php(49): SiteController->actionIndex()
#4 E:\yii-1.1.20.6ed384\framework\web\CController.php(308): CInlineAction->runWithParams()
#5 E:\yii-1.1.20.6ed384\framework\web\CController.php(286): SiteController->runAction()
#6 E:\yii-1.1.20.6ed384\framework\web\CController.php(265): SiteController->runActionWithFilters()
#7 E:\yii-1.1.20.6ed384\framework\web\CWebApplication.php(282): SiteController->run()
#8 E:\yii-1.1.20.6ed384\framework\web\CWebApplication.php(141): CWebApplication->runController()
#9 E:\yii-1.1.20.6ed384\framework\base\CApplication.php(185): CWebApplication->processRequest()
#10 C:\xampp\htdocs\PhpProject1\index.php(13): CWebApplication->run()
REQUEST_URI=/PhpProject1/
in C:\xampp\htdocs\PhpProject1\protected\views\site\index.php (55)
in C:\xampp\htdocs\PhpProject1\protected\controllers\SiteController.php (32)
in C:\xampp\htdocs\PhpProject1\index.php (13)
